Copyright 1986-2018 Xilinx, Inc. All Rights Reserved.
-------------------------------------------------------------------------------------------
| Tool Version : Vivado v.2018.3 (win64) Build 2405991 Thu Dec  6 23:38:27 MST 2018
| Date         : Fri Mar  1 17:02:26 2019
| Host         : LAPTOP-N701RPG3 running 64-bit major release  (build 9200)
| Command      : report_control_sets -verbose -file system_wrapper_control_sets_placed.rpt
| Design       : system_wrapper
| Device       : xc7z020
-------------------------------------------------------------------------------------------

Control Set Information

Table of Contents
-----------------
1. Summary
2. Histogram
3. Flip-Flop Distribution
4. Detailed Control Set Information

1. Summary
----------

+----------------------------------------------------------+-------+
|                          Status                          | Count |
+----------------------------------------------------------+-------+
| Number of unique control sets                            |    58 |
| Unused register locations in slices containing registers |    96 |
+----------------------------------------------------------+-------+


2. Histogram
------------

+--------+--------------+
| Fanout | Control Sets |
+--------+--------------+
|      1 |            2 |
|      2 |            1 |
|      4 |            4 |
|      5 |            2 |
|      6 |            1 |
|      8 |           26 |
|     10 |            3 |
|     13 |            1 |
|     14 |            2 |
|    16+ |           16 |
+--------+--------------+


3. Flip-Flop Distribution
-------------------------

+--------------+-----------------------+------------------------+-----------------+--------------+
| Clock Enable | Synchronous Set/Reset | Asynchronous Set/Reset | Total Registers | Total Slices |
+--------------+-----------------------+------------------------+-----------------+--------------+
| No           | No                    | No                     |             112 |           36 |
| No           | No                    | Yes                    |               0 |            0 |
| No           | Yes                   | No                     |              89 |           33 |
| Yes          | No                    | No                     |             402 |          127 |
| Yes          | No                    | Yes                    |               0 |            0 |
| Yes          | Yes                   | No                     |             253 |           80 |
+--------------+-----------------------+------------------------+-----------------+--------------+


4. Detailed Control Set Information
-----------------------------------

+-----------------------------------------------+--------------------------------------------------------------------------------------------------------------------------------------------------------------+-----------------------------------------------------------------------------------------------------------------------------------------------------+------------------+----------------+
|                  Clock Signal                 |                                                                         Enable Signal                                                                        |                                                                   Set/Reset Signal                                                                  | Slice Load Count | Bel Load Count |
+-----------------------------------------------+--------------------------------------------------------------------------------------------------------------------------------------------------------------+-----------------------------------------------------------------------------------------------------------------------------------------------------+------------------+----------------+
|  system_i/processing_system7_0/inst/FCLK_CLK0 | system_i/ps7_0_axi_periph/s00_couplers/auto_pc/inst/gen_axilite.gen_b2s_conv.axilite_b2s/WR.aw_channel_0/aw_cmd_fsm_0/E[0]                                   | system_i/ps7_0_axi_periph/s00_couplers/auto_pc/inst/gen_axilite.gen_b2s_conv.axilite_b2s/WR.aw_channel_0/aw_cmd_fsm_0/axi_awready_reg               |                1 |              1 |
|  system_i/processing_system7_0/inst/FCLK_CLK0 | system_i/sram_control_0/inst/sram_control_v1_0_S00_AXI_inst/u_sram_ctrl/s_oen_i_1_n_0                                                                        |                                                                                                                                                     |                1 |              1 |
|  system_i/processing_system7_0/inst/FCLK_CLK0 | system_i/ps7_0_axi_periph/s00_couplers/auto_pc/inst/gen_axilite.gen_b2s_conv.axilite_b2s/WR.b_channel_0/bid_fifo_0/sel                                       |                                                                                                                                                     |                1 |              2 |
|  system_i/processing_system7_0/inst/FCLK_CLK0 | system_i/ps7_0_axi_periph/s00_couplers/auto_pc/inst/gen_axilite.gen_b2s_conv.axilite_b2s/RD.ar_channel_0/ar_cmd_fsm_0/m_valid_i_reg                          | system_i/ps7_0_axi_periph/s00_couplers/auto_pc/inst/gen_axilite.gen_b2s_conv.axilite_b2s/RD.ar_channel_0/ar_cmd_fsm_0/FSM_sequential_state_reg[1]_0 |                2 |              4 |
|  system_i/processing_system7_0/inst/FCLK_CLK0 |                                                                                                                                                              | system_i/ps7_0_axi_periph/s00_couplers/auto_pc/inst/gen_axilite.gen_b2s_conv.axilite_b2s/SI_REG/ar.ar_pipe/aresetn_d_reg[1]_inv_0                   |                2 |              4 |
|  system_i/processing_system7_0/inst/FCLK_CLK0 |                                                                                                                                                              | system_i/ps7_0_axi_periph/s00_couplers/auto_pc/inst/gen_axilite.gen_b2s_conv.axilite_b2s/SI_REG/aw.aw_pipe/aresetn_d_reg[0]_0                       |                2 |              4 |
|  system_i/processing_system7_0/inst/FCLK_CLK0 |                                                                                                                                                              | system_i/rst_ps7_0_100M/U0/EXT_LPF/lpf_int                                                                                                          |                3 |              4 |
|  system_i/processing_system7_0/inst/FCLK_CLK0 | system_i/ps7_0_axi_periph/s00_couplers/auto_pc/inst/gen_axilite.gen_b2s_conv.axilite_b2s/RD.r_channel_0/rd_data_fifo_0/cnt_read[4]_i_1__0_n_0                | system_i/ps7_0_axi_periph/s00_couplers/auto_pc/inst/gen_axilite.gen_b2s_conv.axilite_b2s/areset_d1                                                  |                2 |              5 |
|  system_i/processing_system7_0/inst/FCLK_CLK0 | system_i/ps7_0_axi_periph/s00_couplers/auto_pc/inst/gen_axilite.gen_b2s_conv.axilite_b2s/RD.r_channel_0/transaction_fifo_0/cnt_read[4]_i_1_n_0               | system_i/ps7_0_axi_periph/s00_couplers/auto_pc/inst/gen_axilite.gen_b2s_conv.axilite_b2s/areset_d1                                                  |                2 |              5 |
|  system_i/processing_system7_0/inst/FCLK_CLK0 | system_i/rst_ps7_0_100M/U0/SEQ/seq_cnt_en                                                                                                                    | system_i/rst_ps7_0_100M/U0/SEQ/SEQ_COUNTER/clear                                                                                                    |                1 |              6 |
|  system_i/processing_system7_0/inst/FCLK_CLK0 | system_i/sram_control_0/inst/sram_control_v1_0_S00_AXI_inst/slv_reg2[31]_i_1_n_0                                                                             | system_i/sram_control_0/inst/led_2_i_1_n_0                                                                                                          |                3 |              8 |
|  system_i/processing_system7_0/inst/FCLK_CLK0 | system_i/sram_control_0/inst/sram_control_v1_0_S00_AXI_inst/p_1_in[7]                                                                                        | system_i/sram_control_0/inst/led_2_i_1_n_0                                                                                                          |                4 |              8 |
|  system_i/processing_system7_0/inst/FCLK_CLK0 | system_i/sram_control_0/inst/sram_control_v1_0_S00_AXI_inst/slv_reg1[23]_i_1_n_0                                                                             | system_i/sram_control_0/inst/led_2_i_1_n_0                                                                                                          |                1 |              8 |
|  system_i/processing_system7_0/inst/FCLK_CLK0 | system_i/ps7_0_axi_periph/s00_couplers/auto_pc/inst/gen_axilite.gen_b2s_conv.axilite_b2s/RD.ar_channel_0/ar_cmd_fsm_0/E[0]                                   |                                                                                                                                                     |                6 |              8 |
|  system_i/processing_system7_0/inst/FCLK_CLK0 | system_i/sram_control_0/inst/sram_control_v1_0_S00_AXI_inst/slv_reg4[31]_i_1_n_0                                                                             | system_i/sram_control_0/inst/led_2_i_1_n_0                                                                                                          |                2 |              8 |
|  system_i/processing_system7_0/inst/FCLK_CLK0 | system_i/ps7_0_axi_periph/s00_couplers/auto_pc/inst/gen_axilite.gen_b2s_conv.axilite_b2s/RD.ar_channel_0/ar_cmd_fsm_0/sel_first_reg[0]                       |                                                                                                                                                     |                2 |              8 |
|  system_i/processing_system7_0/inst/FCLK_CLK0 | system_i/ps7_0_axi_periph/s00_couplers/auto_pc/inst/gen_axilite.gen_b2s_conv.axilite_b2s/WR.aw_channel_0/cmd_translator_0/incr_cmd_0/axaddr_incr[11]_i_1_n_0 |                                                                                                                                                     |                2 |              8 |
|  system_i/processing_system7_0/inst/FCLK_CLK0 | system_i/sram_control_0/inst/sram_control_v1_0_S00_AXI_inst/slv_reg4[7]_i_1_n_0                                                                              | system_i/sram_control_0/inst/led_2_i_1_n_0                                                                                                          |                4 |              8 |
|  system_i/processing_system7_0/inst/FCLK_CLK0 | system_i/sram_control_0/inst/sram_control_v1_0_S00_AXI_inst/slv_reg1[7]_i_1_n_0                                                                              | system_i/sram_control_0/inst/led_2_i_1_n_0                                                                                                          |                3 |              8 |
|  system_i/processing_system7_0/inst/FCLK_CLK0 | system_i/sram_control_0/inst/sram_control_v1_0_S00_AXI_inst/slv_reg3[31]_i_1_n_0                                                                             | system_i/sram_control_0/inst/led_2_i_1_n_0                                                                                                          |                2 |              8 |
|  system_i/processing_system7_0/inst/FCLK_CLK0 | system_i/sram_control_0/inst/sram_control_v1_0_S00_AXI_inst/slv_reg1[15]_i_1_n_0                                                                             | system_i/sram_control_0/inst/led_2_i_1_n_0                                                                                                          |                3 |              8 |
|  system_i/processing_system7_0/inst/FCLK_CLK0 | system_i/ps7_0_axi_periph/s00_couplers/auto_pc/inst/gen_axilite.gen_b2s_conv.axilite_b2s/WR.aw_channel_0/aw_cmd_fsm_0/state_reg[0]_1[0]                      |                                                                                                                                                     |                3 |              8 |
|  system_i/processing_system7_0/inst/FCLK_CLK0 | system_i/ps7_0_axi_periph/s00_couplers/auto_pc/inst/gen_axilite.gen_b2s_conv.axilite_b2s/WR.b_channel_0/mhandshake_r                                         | system_i/ps7_0_axi_periph/s00_couplers/auto_pc/inst/gen_axilite.gen_b2s_conv.axilite_b2s/WR.b_channel_0/bid_fifo_0/SR[0]                            |                2 |              8 |
|  system_i/processing_system7_0/inst/FCLK_CLK0 | system_i/sram_control_0/inst/sram_control_v1_0_S00_AXI_inst/p_1_in[15]                                                                                       | system_i/sram_control_0/inst/led_2_i_1_n_0                                                                                                          |                2 |              8 |
|  system_i/processing_system7_0/inst/FCLK_CLK0 | system_i/sram_control_0/inst/sram_control_v1_0_S00_AXI_inst/p_1_in[23]                                                                                       | system_i/sram_control_0/inst/led_2_i_1_n_0                                                                                                          |                3 |              8 |
|  system_i/processing_system7_0/inst/FCLK_CLK0 | system_i/sram_control_0/inst/sram_control_v1_0_S00_AXI_inst/slv_reg2[15]_i_1_n_0                                                                             | system_i/sram_control_0/inst/led_2_i_1_n_0                                                                                                          |                2 |              8 |
|  system_i/processing_system7_0/inst/FCLK_CLK0 | system_i/sram_control_0/inst/sram_control_v1_0_S00_AXI_inst/slv_reg2[7]_i_1_n_0                                                                              | system_i/sram_control_0/inst/led_2_i_1_n_0                                                                                                          |                3 |              8 |
|  system_i/processing_system7_0/inst/FCLK_CLK0 | system_i/sram_control_0/inst/sram_control_v1_0_S00_AXI_inst/slv_reg4[15]_i_1_n_0                                                                             | system_i/sram_control_0/inst/led_2_i_1_n_0                                                                                                          |                4 |              8 |
|  system_i/processing_system7_0/inst/FCLK_CLK0 | system_i/sram_control_0/inst/sram_control_v1_0_S00_AXI_inst/slv_reg4[23]_i_1_n_0                                                                             | system_i/sram_control_0/inst/led_2_i_1_n_0                                                                                                          |                3 |              8 |
|  system_i/processing_system7_0/inst/FCLK_CLK0 | system_i/sram_control_0/inst/sram_control_v1_0_S00_AXI_inst/p_1_in[31]                                                                                       | system_i/sram_control_0/inst/led_2_i_1_n_0                                                                                                          |                1 |              8 |
|  system_i/processing_system7_0/inst/FCLK_CLK0 | system_i/sram_control_0/inst/sram_control_v1_0_S00_AXI_inst/u_sram_ctrl/s_ddata[7]_i_1_n_0                                                                   |                                                                                                                                                     |                3 |              8 |
|  system_i/processing_system7_0/inst/FCLK_CLK0 | system_i/sram_control_0/inst/sram_control_v1_0_S00_AXI_inst/slv_reg3[15]_i_1_n_0                                                                             | system_i/sram_control_0/inst/led_2_i_1_n_0                                                                                                          |                2 |              8 |
|  system_i/processing_system7_0/inst/FCLK_CLK0 | system_i/sram_control_0/inst/sram_control_v1_0_S00_AXI_inst/slv_reg2[23]_i_1_n_0                                                                             | system_i/sram_control_0/inst/led_2_i_1_n_0                                                                                                          |                1 |              8 |
|  system_i/processing_system7_0/inst/FCLK_CLK0 | system_i/sram_control_0/inst/sram_control_v1_0_S00_AXI_inst/slv_reg1[31]_i_1_n_0                                                                             | system_i/sram_control_0/inst/led_2_i_1_n_0                                                                                                          |                3 |              8 |
|  system_i/processing_system7_0/inst/FCLK_CLK0 | system_i/sram_control_0/inst/sram_control_v1_0_S00_AXI_inst/slv_reg3[23]_i_1_n_0                                                                             | system_i/sram_control_0/inst/led_2_i_1_n_0                                                                                                          |                3 |              8 |
|  system_i/processing_system7_0/inst/FCLK_CLK0 | system_i/sram_control_0/inst/sram_control_v1_0_S00_AXI_inst/slv_reg3[7]_i_1_n_0                                                                              | system_i/sram_control_0/inst/led_2_i_1_n_0                                                                                                          |                2 |              8 |
|  system_i/processing_system7_0/inst/FCLK_CLK0 |                                                                                                                                                              | system_i/ps7_0_axi_periph/s00_couplers/auto_pc/inst/gen_axilite.gen_b2s_conv.axilite_b2s/areset_d1                                                  |                5 |             10 |
|  system_i/processing_system7_0/inst/FCLK_CLK0 | system_i/sram_control_0/inst/sram_control_v1_0_S00_AXI_inst/u_sram_ctrl/inner_reg_reg_i_2_n_0                                                                |                                                                                                                                                     |                3 |             10 |
|  system_i/processing_system7_0/inst/FCLK_CLK0 | system_i/sram_control_0/inst/sram_control_v1_0_S00_AXI_inst/u_sram_ctrl/s_addr[9]_i_1_n_0                                                                    |                                                                                                                                                     |                6 |             10 |
|  system_i/processing_system7_0/inst/FCLK_CLK0 | system_i/ps7_0_axi_periph/s00_couplers/auto_pc/inst/gen_axilite.gen_b2s_conv.axilite_b2s/RD.r_channel_0/r_push_r                                             |                                                                                                                                                     |                4 |             13 |
|  system_i/processing_system7_0/inst/FCLK_CLK0 | system_i/ps7_0_axi_periph/s00_couplers/auto_pc/inst/gen_axilite.gen_b2s_conv.axilite_b2s/SI_REG/b.b_pipe/s_ready_i_reg_0                                     |                                                                                                                                                     |                6 |             14 |
|  system_i/processing_system7_0/inst/FCLK_CLK0 | system_i/ps7_0_axi_periph/s00_couplers/auto_pc/inst/gen_axilite.gen_b2s_conv.axilite_b2s/SI_REG/b.b_pipe/p_1_in                                              |                                                                                                                                                     |                4 |             14 |
|  system_i/processing_system7_0/inst/FCLK_CLK0 | system_i/ps7_0_axi_periph/s00_couplers/auto_pc/inst/gen_axilite.gen_b2s_conv.axilite_b2s/RD.ar_channel_0/ar_cmd_fsm_0/m_valid_i_reg                          |                                                                                                                                                     |                5 |             16 |
|  system_i/processing_system7_0/inst/FCLK_CLK0 | system_i/ps7_0_axi_periph/s00_couplers/auto_pc/inst/gen_axilite.gen_b2s_conv.axilite_b2s/WR.aw_channel_0/aw_cmd_fsm_0/b_push                                 |                                                                                                                                                     |                3 |             16 |
|  system_i/processing_system7_0/inst/FCLK_CLK0 | system_i/ps7_0_axi_periph/s00_couplers/auto_pc/inst/gen_axilite.gen_b2s_conv.axilite_b2s/WR.aw_channel_0/aw_cmd_fsm_0/E[0]                                   |                                                                                                                                                     |                8 |             19 |
|  system_i/processing_system7_0/inst/FCLK_CLK0 | system_i/ps7_0_axi_periph/s00_couplers/auto_pc/inst/gen_axilite.gen_b2s_conv.axilite_b2s/RD.ar_channel_0/ar_cmd_fsm_0/m_valid_i_reg_0[0]                     |                                                                                                                                                     |               11 |             28 |
|  system_i/processing_system7_0/inst/FCLK_CLK0 | system_i/ps7_0_axi_periph/s00_couplers/auto_pc/inst/gen_axilite.gen_b2s_conv.axilite_b2s/SI_REG/ar.ar_pipe/s_ready_i_reg_0                                   |                                                                                                                                                     |               11 |             28 |
|  system_i/processing_system7_0/inst/FCLK_CLK0 | system_i/ps7_0_axi_periph/s00_couplers/auto_pc/inst/gen_axilite.gen_b2s_conv.axilite_b2s/WR.aw_channel_0/aw_cmd_fsm_0/m_valid_i_reg[0]                       |                                                                                                                                                     |                9 |             28 |
|  system_i/processing_system7_0/inst/FCLK_CLK0 | system_i/ps7_0_axi_periph/s00_couplers/auto_pc/inst/gen_axilite.gen_b2s_conv.axilite_b2s/SI_REG/aw.aw_pipe/s_ready_i_reg_0                                   |                                                                                                                                                     |                8 |             28 |
|  system_i/processing_system7_0/inst/FCLK_CLK0 | system_i/ps7_0_axi_periph/s00_couplers/auto_pc/inst/gen_axilite.gen_b2s_conv.axilite_b2s/RD.r_channel_0/rd_data_fifo_0/wr_en0                                |                                                                                                                                                     |                8 |             32 |
|  system_i/processing_system7_0/inst/FCLK_CLK0 | system_i/sram_control_0/inst/sram_control_v1_0_S00_AXI_inst/u_sram_ctrl/s_addr[9]_i_1_n_0                                                                    | system_i/sram_control_0/inst/sram_control_v1_0_S00_AXI_inst/u_sram_ctrl/inner_send[31]_i_1_n_0                                                      |                6 |             32 |
|  system_i/processing_system7_0/inst/FCLK_CLK0 | system_i/sram_control_0/inst/sram_control_v1_0_S00_AXI_inst/slv_reg_rden__0                                                                                  | system_i/sram_control_0/inst/led_2_i_1_n_0                                                                                                          |               13 |             32 |
|  system_i/processing_system7_0/inst/FCLK_CLK0 | system_i/sram_control_0/inst/sram_control_v1_0_S00_AXI_inst/u_sram_ctrl/inner_send[31]_i_1_n_0                                                               |                                                                                                                                                     |                8 |             32 |
|  system_i/processing_system7_0/inst/FCLK_CLK0 | system_i/sram_control_0/inst/sram_control_v1_0_S00_AXI_inst/u_sram_ctrl/inner_tim_cfg[31]_i_1_n_0                                                            |                                                                                                                                                     |               15 |             44 |
|  system_i/processing_system7_0/inst/FCLK_CLK0 | system_i/ps7_0_axi_periph/s00_couplers/auto_pc/inst/gen_axilite.gen_b2s_conv.axilite_b2s/SI_REG/r.r_pipe/s_ready_i_reg_0                                     |                                                                                                                                                     |                8 |             45 |
|  system_i/processing_system7_0/inst/FCLK_CLK0 | system_i/ps7_0_axi_periph/s00_couplers/auto_pc/inst/gen_axilite.gen_b2s_conv.axilite_b2s/SI_REG/r.r_pipe/p_1_in                                              |                                                                                                                                                     |                8 |             45 |
|  system_i/processing_system7_0/inst/FCLK_CLK0 |                                                                                                                                                              | system_i/sram_control_0/inst/led_2_i_1_n_0                                                                                                          |               21 |             67 |
|  system_i/processing_system7_0/inst/FCLK_CLK0 |                                                                                                                                                              |                                                                                                                                                     |               37 |            113 |
+-----------------------------------------------+--------------------------------------------------------------------------------------------------------------------------------------------------------------+-----------------------------------------------------------------------------------------------------------------------------------------------------+------------------+----------------+


