12:14:21 INFO  : Launching XSDB server: xsdb.bat -interactive D:\sram_test\sram_sip_5\sram_sip\sram_sip.sdk\temp_xsdb_launch_script.tcl
12:14:33 INFO  : XSDB server has started successfully.
12:14:37 INFO  : Processing command line option -hwspec D:/sram_test/sram_sip_5/sram_sip/sram_sip.sdk/system_wrapper.hdf.
12:31:08 INFO  : Connected to target on host '127.0.0.1' and port '3121'.
12:31:10 INFO  : 'targets -set -filter {jtag_cable_name =~ "Xilinx PYNQ-Z1 003017A6DB98A" && level==0} -index 1' command is executed.
12:31:13 INFO  : FPGA configured successfully with bitstream "D:/sram_test/sram_sip_5/sram_sip/sram_sip.sdk/system_wrapper_hw_platform_0/system_wrapper.bit"
12:31:40 INFO  : 'targets -set -filter {jtag_cable_name =~ "Xilinx PYNQ-Z1 003017A6DB98A" && level==0} -index 1' command is executed.
12:31:41 INFO  : 'fpga -state' command is executed.
12:31:41 INFO  : Connected to target on host '127.0.0.1' and port '3121'.
12:31:41 INFO  : Sourcing of 'D:/sram_test/sram_sip_5/sram_sip/sram_sip.sdk/system_wrapper_hw_platform_0/ps7_init.tcl' is done.
12:31:41 INFO  : 'targets -set -filter {name =~"APU" && jtag_cable_name =~ "Xilinx PYNQ-Z1 003017A6DB98A"} -index 0' command is executed.
12:31:41 INFO  : Hardware design information is loaded from 'D:/sram_test/sram_sip_5/sram_sip/sram_sip.sdk/system_wrapper_hw_platform_0/system.hdf'.
12:31:42 INFO  : 'targets -set -filter {name =~"APU" && jtag_cable_name =~ "Xilinx PYNQ-Z1 003017A6DB98A"} -index 0' command is executed.
12:31:42 INFO  : 'stop' command is executed.
12:31:43 INFO  : 'ps7_init' command is executed.
12:31:43 INFO  : 'ps7_post_config' command is executed.
12:31:43 INFO  : Context for processor 'ps7_cortexa9_0' is selected.
12:31:43 INFO  : Processor reset is completed for 'ps7_cortexa9_0'.
12:31:44 INFO  : Context for processor 'ps7_cortexa9_0' is selected.
12:31:44 INFO  : The application 'D:/sram_test/sram_sip_5/sram_sip/sram_sip.sdk/sram_sip/Debug/sram_sip.elf' is downloaded to processor 'ps7_cortexa9_0'.
12:31:44 INFO  : ----------------XSDB Script----------------
connect -url tcp:127.0.0.1:3121
source D:/sram_test/sram_sip_5/sram_sip/sram_sip.sdk/system_wrapper_hw_platform_0/ps7_init.tcl
targets -set -filter {name =~"APU" && jtag_cable_name =~ "Xilinx PYNQ-Z1 003017A6DB98A"} -index 0
loadhw D:/sram_test/sram_sip_5/sram_sip/sram_sip.sdk/system_wrapper_hw_platform_0/system.hdf
targets -set -filter {name =~"APU" && jtag_cable_name =~ "Xilinx PYNQ-Z1 003017A6DB98A"} -index 0
stop
ps7_init
ps7_post_config
targets -set -nocase -filter {name =~ "ARM*#0" && jtag_cable_name =~ "Xilinx PYNQ-Z1 003017A6DB98A"} -index 0
rst -processor
targets -set -nocase -filter {name =~ "ARM*#0" && jtag_cable_name =~ "Xilinx PYNQ-Z1 003017A6DB98A"} -index 0
dow D:/sram_test/sram_sip_5/sram_sip/sram_sip.sdk/sram_sip/Debug/sram_sip.elf
----------------End of Script----------------

12:31:44 INFO  : Memory regions updated for context APU
12:31:44 INFO  : Context for processor 'ps7_cortexa9_0' is selected.
12:31:45 INFO  : 'con' command is executed.
12:31:45 INFO  : ----------------XSDB Script (After Launch)----------------
targets -set -nocase -filter {name =~ "ARM*#0" && jtag_cable_name =~ "Xilinx PYNQ-Z1 003017A6DB98A"} -index 0
con
----------------End of Script----------------

12:35:35 INFO  : Disconnected from the channel tcfchan#1.
12:35:36 INFO  : 'targets -set -filter {jtag_cable_name =~ "Xilinx PYNQ-Z1 003017A6DB98A" && level==0} -index 1' command is executed.
12:35:36 INFO  : 'fpga -state' command is executed.
12:35:36 INFO  : Connected to target on host '127.0.0.1' and port '3121'.
12:35:36 INFO  : Sourcing of 'D:/sram_test/sram_sip_5/sram_sip/sram_sip.sdk/system_wrapper_hw_platform_0/ps7_init.tcl' is done.
12:35:36 INFO  : 'targets -set -filter {name =~"APU" && jtag_cable_name =~ "Xilinx PYNQ-Z1 003017A6DB98A"} -index 0' command is executed.
12:35:45 INFO  : Hardware design information is loaded from 'D:/sram_test/sram_sip_5/sram_sip/sram_sip.sdk/system_wrapper_hw_platform_0/system.hdf'.
12:35:45 INFO  : 'targets -set -filter {name =~"APU" && jtag_cable_name =~ "Xilinx PYNQ-Z1 003017A6DB98A"} -index 0' command is executed.
12:35:45 INFO  : 'stop' command is executed.
12:35:46 INFO  : 'ps7_init' command is executed.
12:35:46 INFO  : 'ps7_post_config' command is executed.
12:35:47 INFO  : Context for processor 'ps7_cortexa9_0' is selected.
12:35:47 INFO  : Processor reset is completed for 'ps7_cortexa9_0'.
12:35:47 INFO  : Context for processor 'ps7_cortexa9_0' is selected.
12:35:47 INFO  : The application 'D:/sram_test/sram_sip_5/sram_sip/sram_sip.sdk/sram_sip/Debug/sram_sip.elf' is downloaded to processor 'ps7_cortexa9_0'.
12:35:47 INFO  : ----------------XSDB Script----------------
connect -url tcp:127.0.0.1:3121
source D:/sram_test/sram_sip_5/sram_sip/sram_sip.sdk/system_wrapper_hw_platform_0/ps7_init.tcl
targets -set -filter {name =~"APU" && jtag_cable_name =~ "Xilinx PYNQ-Z1 003017A6DB98A"} -index 0
loadhw D:/sram_test/sram_sip_5/sram_sip/sram_sip.sdk/system_wrapper_hw_platform_0/system.hdf
targets -set -filter {name =~"APU" && jtag_cable_name =~ "Xilinx PYNQ-Z1 003017A6DB98A"} -index 0
stop
ps7_init
ps7_post_config
targets -set -nocase -filter {name =~ "ARM*#0" && jtag_cable_name =~ "Xilinx PYNQ-Z1 003017A6DB98A"} -index 0
rst -processor
targets -set -nocase -filter {name =~ "ARM*#0" && jtag_cable_name =~ "Xilinx PYNQ-Z1 003017A6DB98A"} -index 0
dow D:/sram_test/sram_sip_5/sram_sip/sram_sip.sdk/sram_sip/Debug/sram_sip.elf
----------------End of Script----------------

12:35:47 INFO  : Memory regions updated for context APU
12:35:48 INFO  : Context for processor 'ps7_cortexa9_0' is selected.
12:35:48 INFO  : 'con' command is executed.
12:35:48 INFO  : ----------------XSDB Script (After Launch)----------------
targets -set -nocase -filter {name =~ "ARM*#0" && jtag_cable_name =~ "Xilinx PYNQ-Z1 003017A6DB98A"} -index 0
con
----------------End of Script----------------

12:36:51 INFO  : Disconnected from the channel tcfchan#2.
12:36:52 INFO  : 'targets -set -filter {jtag_cable_name =~ "Xilinx PYNQ-Z1 003017A6DB98A" && level==0} -index 1' command is executed.
12:36:52 INFO  : 'fpga -state' command is executed.
12:36:52 INFO  : Connected to target on host '127.0.0.1' and port '3121'.
12:36:52 INFO  : Sourcing of 'D:/sram_test/sram_sip_5/sram_sip/sram_sip.sdk/system_wrapper_hw_platform_0/ps7_init.tcl' is done.
12:36:52 INFO  : 'targets -set -filter {name =~"APU" && jtag_cable_name =~ "Xilinx PYNQ-Z1 003017A6DB98A"} -index 0' command is executed.
12:37:01 INFO  : Hardware design information is loaded from 'D:/sram_test/sram_sip_5/sram_sip/sram_sip.sdk/system_wrapper_hw_platform_0/system.hdf'.
12:37:02 INFO  : 'targets -set -filter {name =~"APU" && jtag_cable_name =~ "Xilinx PYNQ-Z1 003017A6DB98A"} -index 0' command is executed.
12:37:02 INFO  : 'stop' command is executed.
12:37:02 INFO  : 'ps7_init' command is executed.
12:37:03 INFO  : 'ps7_post_config' command is executed.
12:37:03 INFO  : Context for processor 'ps7_cortexa9_0' is selected.
12:37:03 INFO  : Processor reset is completed for 'ps7_cortexa9_0'.
12:37:03 INFO  : Context for processor 'ps7_cortexa9_0' is selected.
12:37:04 INFO  : The application 'D:/sram_test/sram_sip_5/sram_sip/sram_sip.sdk/sram_sip/Debug/sram_sip.elf' is downloaded to processor 'ps7_cortexa9_0'.
12:37:04 INFO  : ----------------XSDB Script----------------
connect -url tcp:127.0.0.1:3121
source D:/sram_test/sram_sip_5/sram_sip/sram_sip.sdk/system_wrapper_hw_platform_0/ps7_init.tcl
targets -set -filter {name =~"APU" && jtag_cable_name =~ "Xilinx PYNQ-Z1 003017A6DB98A"} -index 0
loadhw D:/sram_test/sram_sip_5/sram_sip/sram_sip.sdk/system_wrapper_hw_platform_0/system.hdf
targets -set -filter {name =~"APU" && jtag_cable_name =~ "Xilinx PYNQ-Z1 003017A6DB98A"} -index 0
stop
ps7_init
ps7_post_config
targets -set -nocase -filter {name =~ "ARM*#0" && jtag_cable_name =~ "Xilinx PYNQ-Z1 003017A6DB98A"} -index 0
rst -processor
targets -set -nocase -filter {name =~ "ARM*#0" && jtag_cable_name =~ "Xilinx PYNQ-Z1 003017A6DB98A"} -index 0
dow D:/sram_test/sram_sip_5/sram_sip/sram_sip.sdk/sram_sip/Debug/sram_sip.elf
----------------End of Script----------------

12:37:04 INFO  : Memory regions updated for context APU
12:37:04 INFO  : Context for processor 'ps7_cortexa9_0' is selected.
12:37:04 INFO  : 'con' command is executed.
12:37:04 INFO  : ----------------XSDB Script (After Launch)----------------
targets -set -nocase -filter {name =~ "ARM*#0" && jtag_cable_name =~ "Xilinx PYNQ-Z1 003017A6DB98A"} -index 0
con
----------------End of Script----------------

13:02:47 INFO  : Connected to target on host '127.0.0.1' and port '3121'.
13:02:47 INFO  : 'targets -set -filter {jtag_cable_name =~ "Xilinx PYNQ-Z1 003017A6DB98A" && level==0} -index 1' command is executed.
13:02:50 INFO  : FPGA configured successfully with bitstream "D:/sram_test/sram_sip_5/sram_sip/sram_sip.sdk/system_wrapper_hw_platform_0/system_wrapper.bit"
13:02:57 INFO  : Disconnected from the channel tcfchan#3.
13:02:58 INFO  : 'targets -set -filter {jtag_cable_name =~ "Xilinx PYNQ-Z1 003017A6DB98A" && level==0} -index 1' command is executed.
13:02:58 INFO  : 'fpga -state' command is executed.
13:02:58 INFO  : Connected to target on host '127.0.0.1' and port '3121'.
13:02:58 INFO  : Sourcing of 'D:/sram_test/sram_sip_5/sram_sip/sram_sip.sdk/system_wrapper_hw_platform_0/ps7_init.tcl' is done.
13:02:59 INFO  : 'targets -set -filter {name =~"APU" && jtag_cable_name =~ "Xilinx PYNQ-Z1 003017A6DB98A"} -index 0' command is executed.
13:03:06 INFO  : Hardware design information is loaded from 'D:/sram_test/sram_sip_5/sram_sip/sram_sip.sdk/system_wrapper_hw_platform_0/system.hdf'.
13:03:07 INFO  : 'targets -set -filter {name =~"APU" && jtag_cable_name =~ "Xilinx PYNQ-Z1 003017A6DB98A"} -index 0' command is executed.
13:03:07 INFO  : 'stop' command is executed.
13:03:07 INFO  : 'ps7_init' command is executed.
13:03:08 INFO  : 'ps7_post_config' command is executed.
13:03:08 INFO  : Context for processor 'ps7_cortexa9_0' is selected.
13:03:08 INFO  : Processor reset is completed for 'ps7_cortexa9_0'.
13:03:08 INFO  : Context for processor 'ps7_cortexa9_0' is selected.
13:03:09 INFO  : The application 'D:/sram_test/sram_sip_5/sram_sip/sram_sip.sdk/sram_sip/Debug/sram_sip.elf' is downloaded to processor 'ps7_cortexa9_0'.
13:03:09 INFO  : ----------------XSDB Script----------------
connect -url tcp:127.0.0.1:3121
source D:/sram_test/sram_sip_5/sram_sip/sram_sip.sdk/system_wrapper_hw_platform_0/ps7_init.tcl
targets -set -filter {name =~"APU" && jtag_cable_name =~ "Xilinx PYNQ-Z1 003017A6DB98A"} -index 0
loadhw D:/sram_test/sram_sip_5/sram_sip/sram_sip.sdk/system_wrapper_hw_platform_0/system.hdf
targets -set -filter {name =~"APU" && jtag_cable_name =~ "Xilinx PYNQ-Z1 003017A6DB98A"} -index 0
stop
ps7_init
ps7_post_config
targets -set -nocase -filter {name =~ "ARM*#0" && jtag_cable_name =~ "Xilinx PYNQ-Z1 003017A6DB98A"} -index 0
rst -processor
targets -set -nocase -filter {name =~ "ARM*#0" && jtag_cable_name =~ "Xilinx PYNQ-Z1 003017A6DB98A"} -index 0
dow D:/sram_test/sram_sip_5/sram_sip/sram_sip.sdk/sram_sip/Debug/sram_sip.elf
----------------End of Script----------------

13:03:09 INFO  : Memory regions updated for context APU
13:03:09 INFO  : Context for processor 'ps7_cortexa9_0' is selected.
13:03:09 INFO  : 'con' command is executed.
13:03:09 INFO  : ----------------XSDB Script (After Launch)----------------
targets -set -nocase -filter {name =~ "ARM*#0" && jtag_cable_name =~ "Xilinx PYNQ-Z1 003017A6DB98A"} -index 0
con
----------------End of Script----------------

13:05:26 INFO  : Disconnected from the channel tcfchan#4.
13:05:26 INFO  : 'targets -set -filter {jtag_cable_name =~ "Xilinx PYNQ-Z1 003017A6DB98A" && level==0} -index 1' command is executed.
13:05:27 INFO  : 'fpga -state' command is executed.
13:05:27 INFO  : Connected to target on host '127.0.0.1' and port '3121'.
13:05:27 INFO  : Sourcing of 'D:/sram_test/sram_sip_5/sram_sip/sram_sip.sdk/system_wrapper_hw_platform_0/ps7_init.tcl' is done.
13:05:27 INFO  : 'targets -set -filter {name =~"APU" && jtag_cable_name =~ "Xilinx PYNQ-Z1 003017A6DB98A"} -index 0' command is executed.
13:05:35 INFO  : Hardware design information is loaded from 'D:/sram_test/sram_sip_5/sram_sip/sram_sip.sdk/system_wrapper_hw_platform_0/system.hdf'.
13:05:35 INFO  : 'targets -set -filter {name =~"APU" && jtag_cable_name =~ "Xilinx PYNQ-Z1 003017A6DB98A"} -index 0' command is executed.
13:05:36 INFO  : 'stop' command is executed.
13:05:36 INFO  : 'ps7_init' command is executed.
13:05:36 INFO  : 'ps7_post_config' command is executed.
13:05:37 INFO  : Context for processor 'ps7_cortexa9_0' is selected.
13:05:37 INFO  : Processor reset is completed for 'ps7_cortexa9_0'.
13:05:37 INFO  : Context for processor 'ps7_cortexa9_0' is selected.
13:05:38 INFO  : The application 'D:/sram_test/sram_sip_5/sram_sip/sram_sip.sdk/sram_sip/Debug/sram_sip.elf' is downloaded to processor 'ps7_cortexa9_0'.
13:05:38 INFO  : ----------------XSDB Script----------------
connect -url tcp:127.0.0.1:3121
source D:/sram_test/sram_sip_5/sram_sip/sram_sip.sdk/system_wrapper_hw_platform_0/ps7_init.tcl
targets -set -filter {name =~"APU" && jtag_cable_name =~ "Xilinx PYNQ-Z1 003017A6DB98A"} -index 0
loadhw D:/sram_test/sram_sip_5/sram_sip/sram_sip.sdk/system_wrapper_hw_platform_0/system.hdf
targets -set -filter {name =~"APU" && jtag_cable_name =~ "Xilinx PYNQ-Z1 003017A6DB98A"} -index 0
stop
ps7_init
ps7_post_config
targets -set -nocase -filter {name =~ "ARM*#0" && jtag_cable_name =~ "Xilinx PYNQ-Z1 003017A6DB98A"} -index 0
rst -processor
targets -set -nocase -filter {name =~ "ARM*#0" && jtag_cable_name =~ "Xilinx PYNQ-Z1 003017A6DB98A"} -index 0
dow D:/sram_test/sram_sip_5/sram_sip/sram_sip.sdk/sram_sip/Debug/sram_sip.elf
----------------End of Script----------------

13:05:38 INFO  : Memory regions updated for context APU
13:05:38 INFO  : Context for processor 'ps7_cortexa9_0' is selected.
13:05:38 INFO  : 'con' command is executed.
13:05:38 INFO  : ----------------XSDB Script (After Launch)----------------
targets -set -nocase -filter {name =~ "ARM*#0" && jtag_cable_name =~ "Xilinx PYNQ-Z1 003017A6DB98A"} -index 0
con
----------------End of Script----------------

14:10:05 INFO  : Connected to target on host '127.0.0.1' and port '3121'.
14:10:06 INFO  : 'targets -set -filter {jtag_cable_name =~ "Xilinx PYNQ-Z1 003017A6DB98A" && level==0} -index 1' command is executed.
14:10:09 INFO  : FPGA configured successfully with bitstream "D:/sram_test/sram_sip_5/sram_sip/sram_sip.sdk/system_wrapper_hw_platform_0/system_wrapper.bit"
14:10:25 INFO  : Disconnected from the channel tcfchan#5.
14:10:25 INFO  : 'targets -set -filter {jtag_cable_name =~ "Xilinx PYNQ-Z1 003017A6DB98A" && level==0} -index 1' command is executed.
14:10:26 INFO  : 'fpga -state' command is executed.
14:10:26 INFO  : Connected to target on host '127.0.0.1' and port '3121'.
14:10:26 INFO  : Sourcing of 'D:/sram_test/sram_sip_5/sram_sip/sram_sip.sdk/system_wrapper_hw_platform_0/ps7_init.tcl' is done.
14:10:26 INFO  : 'targets -set -filter {name =~"APU" && jtag_cable_name =~ "Xilinx PYNQ-Z1 003017A6DB98A"} -index 0' command is executed.
14:10:35 INFO  : Hardware design information is loaded from 'D:/sram_test/sram_sip_5/sram_sip/sram_sip.sdk/system_wrapper_hw_platform_0/system.hdf'.
14:10:35 INFO  : 'targets -set -filter {name =~"APU" && jtag_cable_name =~ "Xilinx PYNQ-Z1 003017A6DB98A"} -index 0' command is executed.
14:10:35 INFO  : 'stop' command is executed.
14:10:36 INFO  : 'ps7_init' command is executed.
14:10:36 INFO  : 'ps7_post_config' command is executed.
14:10:37 INFO  : Context for processor 'ps7_cortexa9_0' is selected.
14:10:37 INFO  : Processor reset is completed for 'ps7_cortexa9_0'.
14:10:37 INFO  : Context for processor 'ps7_cortexa9_0' is selected.
14:10:37 INFO  : The application 'D:/sram_test/sram_sip_5/sram_sip/sram_sip.sdk/sram_sip/Debug/sram_sip.elf' is downloaded to processor 'ps7_cortexa9_0'.
14:10:37 INFO  : ----------------XSDB Script----------------
connect -url tcp:127.0.0.1:3121
source D:/sram_test/sram_sip_5/sram_sip/sram_sip.sdk/system_wrapper_hw_platform_0/ps7_init.tcl
targets -set -filter {name =~"APU" && jtag_cable_name =~ "Xilinx PYNQ-Z1 003017A6DB98A"} -index 0
loadhw D:/sram_test/sram_sip_5/sram_sip/sram_sip.sdk/system_wrapper_hw_platform_0/system.hdf
targets -set -filter {name =~"APU" && jtag_cable_name =~ "Xilinx PYNQ-Z1 003017A6DB98A"} -index 0
stop
ps7_init
ps7_post_config
targets -set -nocase -filter {name =~ "ARM*#0" && jtag_cable_name =~ "Xilinx PYNQ-Z1 003017A6DB98A"} -index 0
rst -processor
targets -set -nocase -filter {name =~ "ARM*#0" && jtag_cable_name =~ "Xilinx PYNQ-Z1 003017A6DB98A"} -index 0
dow D:/sram_test/sram_sip_5/sram_sip/sram_sip.sdk/sram_sip/Debug/sram_sip.elf
----------------End of Script----------------

14:10:37 INFO  : Memory regions updated for context APU
14:10:38 INFO  : Context for processor 'ps7_cortexa9_0' is selected.
14:10:38 INFO  : 'con' command is executed.
14:10:38 INFO  : ----------------XSDB Script (After Launch)----------------
targets -set -nocase -filter {name =~ "ARM*#0" && jtag_cable_name =~ "Xilinx PYNQ-Z1 003017A6DB98A"} -index 0
con
----------------End of Script----------------

14:23:25 INFO  : Disconnected from the channel tcfchan#6.
14:23:25 INFO  : 'targets -set -filter {jtag_cable_name =~ "Xilinx PYNQ-Z1 003017A6DB98A" && level==0} -index 1' command is executed.
14:23:25 INFO  : 'fpga -state' command is executed.
14:23:25 INFO  : Connected to target on host '127.0.0.1' and port '3121'.
14:23:25 INFO  : Sourcing of 'D:/sram_test/sram_sip_5/sram_sip/sram_sip.sdk/system_wrapper_hw_platform_0/ps7_init.tcl' is done.
14:23:26 INFO  : 'targets -set -filter {name =~"APU" && jtag_cable_name =~ "Xilinx PYNQ-Z1 003017A6DB98A"} -index 0' command is executed.
14:23:34 INFO  : Hardware design information is loaded from 'D:/sram_test/sram_sip_5/sram_sip/sram_sip.sdk/system_wrapper_hw_platform_0/system.hdf'.
14:23:34 INFO  : 'targets -set -filter {name =~"APU" && jtag_cable_name =~ "Xilinx PYNQ-Z1 003017A6DB98A"} -index 0' command is executed.
14:23:34 INFO  : 'stop' command is executed.
14:23:35 INFO  : 'ps7_init' command is executed.
14:23:35 INFO  : 'ps7_post_config' command is executed.
14:23:36 INFO  : Context for processor 'ps7_cortexa9_0' is selected.
14:23:36 INFO  : Processor reset is completed for 'ps7_cortexa9_0'.
14:23:36 INFO  : Context for processor 'ps7_cortexa9_0' is selected.
14:23:36 INFO  : The application 'D:/sram_test/sram_sip_5/sram_sip/sram_sip.sdk/sram_sip/Debug/sram_sip.elf' is downloaded to processor 'ps7_cortexa9_0'.
14:23:36 INFO  : ----------------XSDB Script----------------
connect -url tcp:127.0.0.1:3121
source D:/sram_test/sram_sip_5/sram_sip/sram_sip.sdk/system_wrapper_hw_platform_0/ps7_init.tcl
targets -set -filter {name =~"APU" && jtag_cable_name =~ "Xilinx PYNQ-Z1 003017A6DB98A"} -index 0
loadhw D:/sram_test/sram_sip_5/sram_sip/sram_sip.sdk/system_wrapper_hw_platform_0/system.hdf
targets -set -filter {name =~"APU" && jtag_cable_name =~ "Xilinx PYNQ-Z1 003017A6DB98A"} -index 0
stop
ps7_init
ps7_post_config
targets -set -nocase -filter {name =~ "ARM*#0" && jtag_cable_name =~ "Xilinx PYNQ-Z1 003017A6DB98A"} -index 0
rst -processor
targets -set -nocase -filter {name =~ "ARM*#0" && jtag_cable_name =~ "Xilinx PYNQ-Z1 003017A6DB98A"} -index 0
dow D:/sram_test/sram_sip_5/sram_sip/sram_sip.sdk/sram_sip/Debug/sram_sip.elf
----------------End of Script----------------

14:23:36 INFO  : Memory regions updated for context APU
14:23:37 INFO  : Context for processor 'ps7_cortexa9_0' is selected.
14:23:37 INFO  : 'con' command is executed.
14:23:37 INFO  : ----------------XSDB Script (After Launch)----------------
targets -set -nocase -filter {name =~ "ARM*#0" && jtag_cable_name =~ "Xilinx PYNQ-Z1 003017A6DB98A"} -index 0
con
----------------End of Script----------------

14:24:53 INFO  : Disconnected from the channel tcfchan#7.
14:24:53 INFO  : 'targets -set -filter {jtag_cable_name =~ "Xilinx PYNQ-Z1 003017A6DB98A" && level==0} -index 1' command is executed.
14:24:53 INFO  : 'fpga -state' command is executed.
14:24:53 INFO  : Connected to target on host '127.0.0.1' and port '3121'.
14:24:53 INFO  : Sourcing of 'D:/sram_test/sram_sip_5/sram_sip/sram_sip.sdk/system_wrapper_hw_platform_0/ps7_init.tcl' is done.
14:24:54 INFO  : 'targets -set -filter {name =~"APU" && jtag_cable_name =~ "Xilinx PYNQ-Z1 003017A6DB98A"} -index 0' command is executed.
14:25:03 INFO  : Hardware design information is loaded from 'D:/sram_test/sram_sip_5/sram_sip/sram_sip.sdk/system_wrapper_hw_platform_0/system.hdf'.
14:25:03 INFO  : 'targets -set -filter {name =~"APU" && jtag_cable_name =~ "Xilinx PYNQ-Z1 003017A6DB98A"} -index 0' command is executed.
14:25:03 INFO  : 'stop' command is executed.
14:25:04 INFO  : 'ps7_init' command is executed.
14:25:04 INFO  : 'ps7_post_config' command is executed.
14:25:05 INFO  : Context for processor 'ps7_cortexa9_0' is selected.
14:25:05 INFO  : Processor reset is completed for 'ps7_cortexa9_0'.
14:25:05 INFO  : Context for processor 'ps7_cortexa9_0' is selected.
14:25:05 INFO  : The application 'D:/sram_test/sram_sip_5/sram_sip/sram_sip.sdk/sram_sip/Debug/sram_sip.elf' is downloaded to processor 'ps7_cortexa9_0'.
14:25:05 INFO  : ----------------XSDB Script----------------
connect -url tcp:127.0.0.1:3121
source D:/sram_test/sram_sip_5/sram_sip/sram_sip.sdk/system_wrapper_hw_platform_0/ps7_init.tcl
targets -set -filter {name =~"APU" && jtag_cable_name =~ "Xilinx PYNQ-Z1 003017A6DB98A"} -index 0
loadhw D:/sram_test/sram_sip_5/sram_sip/sram_sip.sdk/system_wrapper_hw_platform_0/system.hdf
targets -set -filter {name =~"APU" && jtag_cable_name =~ "Xilinx PYNQ-Z1 003017A6DB98A"} -index 0
stop
ps7_init
ps7_post_config
targets -set -nocase -filter {name =~ "ARM*#0" && jtag_cable_name =~ "Xilinx PYNQ-Z1 003017A6DB98A"} -index 0
rst -processor
targets -set -nocase -filter {name =~ "ARM*#0" && jtag_cable_name =~ "Xilinx PYNQ-Z1 003017A6DB98A"} -index 0
dow D:/sram_test/sram_sip_5/sram_sip/sram_sip.sdk/sram_sip/Debug/sram_sip.elf
----------------End of Script----------------

14:25:05 INFO  : Memory regions updated for context APU
14:25:05 INFO  : Context for processor 'ps7_cortexa9_0' is selected.
14:25:06 INFO  : 'con' command is executed.
14:25:06 INFO  : ----------------XSDB Script (After Launch)----------------
targets -set -nocase -filter {name =~ "ARM*#0" && jtag_cable_name =~ "Xilinx PYNQ-Z1 003017A6DB98A"} -index 0
con
----------------End of Script----------------

15:28:02 INFO  : Connected to target on host '127.0.0.1' and port '3121'.
15:28:02 INFO  : 'targets -set -filter {jtag_cable_name =~ "Xilinx PYNQ-Z1 003017A6DB98A" && level==0} -index 1' command is executed.
15:28:04 INFO  : FPGA configured successfully with bitstream "D:/sram_test/sram_sip_5/sram_sip/sram_sip.sdk/system_wrapper_hw_platform_0/system_wrapper.bit"
15:28:25 INFO  : Disconnected from the channel tcfchan#8.
15:28:25 INFO  : 'targets -set -filter {jtag_cable_name =~ "Xilinx PYNQ-Z1 003017A6DB98A" && level==0} -index 1' command is executed.
15:28:25 INFO  : 'fpga -state' command is executed.
15:28:25 INFO  : Connected to target on host '127.0.0.1' and port '3121'.
15:28:26 INFO  : Sourcing of 'D:/sram_test/sram_sip_5/sram_sip/sram_sip.sdk/system_wrapper_hw_platform_0/ps7_init.tcl' is done.
15:28:26 INFO  : 'targets -set -filter {name =~"APU" && jtag_cable_name =~ "Xilinx PYNQ-Z1 003017A6DB98A"} -index 0' command is executed.
15:28:35 INFO  : Hardware design information is loaded from 'D:/sram_test/sram_sip_5/sram_sip/sram_sip.sdk/system_wrapper_hw_platform_0/system.hdf'.
15:28:35 INFO  : 'targets -set -filter {name =~"APU" && jtag_cable_name =~ "Xilinx PYNQ-Z1 003017A6DB98A"} -index 0' command is executed.
15:28:35 INFO  : 'stop' command is executed.
15:28:36 INFO  : 'ps7_init' command is executed.
15:28:37 INFO  : 'ps7_post_config' command is executed.
15:28:37 INFO  : Context for processor 'ps7_cortexa9_0' is selected.
15:28:37 INFO  : Processor reset is completed for 'ps7_cortexa9_0'.
15:28:37 INFO  : Context for processor 'ps7_cortexa9_0' is selected.
15:28:38 INFO  : The application 'D:/sram_test/sram_sip_5/sram_sip/sram_sip.sdk/sram_sip/Debug/sram_sip.elf' is downloaded to processor 'ps7_cortexa9_0'.
15:28:38 INFO  : ----------------XSDB Script----------------
connect -url tcp:127.0.0.1:3121
source D:/sram_test/sram_sip_5/sram_sip/sram_sip.sdk/system_wrapper_hw_platform_0/ps7_init.tcl
targets -set -filter {name =~"APU" && jtag_cable_name =~ "Xilinx PYNQ-Z1 003017A6DB98A"} -index 0
loadhw D:/sram_test/sram_sip_5/sram_sip/sram_sip.sdk/system_wrapper_hw_platform_0/system.hdf
targets -set -filter {name =~"APU" && jtag_cable_name =~ "Xilinx PYNQ-Z1 003017A6DB98A"} -index 0
stop
ps7_init
ps7_post_config
targets -set -nocase -filter {name =~ "ARM*#0" && jtag_cable_name =~ "Xilinx PYNQ-Z1 003017A6DB98A"} -index 0
rst -processor
targets -set -nocase -filter {name =~ "ARM*#0" && jtag_cable_name =~ "Xilinx PYNQ-Z1 003017A6DB98A"} -index 0
dow D:/sram_test/sram_sip_5/sram_sip/sram_sip.sdk/sram_sip/Debug/sram_sip.elf
----------------End of Script----------------

15:28:38 INFO  : Memory regions updated for context APU
15:28:38 INFO  : Context for processor 'ps7_cortexa9_0' is selected.
15:28:38 INFO  : 'con' command is executed.
15:28:38 INFO  : ----------------XSDB Script (After Launch)----------------
targets -set -nocase -filter {name =~ "ARM*#0" && jtag_cable_name =~ "Xilinx PYNQ-Z1 003017A6DB98A"} -index 0
con
----------------End of Script----------------

15:30:05 INFO  : Connected to target on host '127.0.0.1' and port '3121'.
15:30:09 INFO  : 'targets -set -filter {jtag_cable_name =~ "Xilinx PYNQ-Z1 003017A6DB98A" && level==0} -index 1' command is executed.
15:30:12 INFO  : FPGA configured successfully with bitstream "D:/sram_test/sram_sip_5/sram_sip/sram_sip.sdk/system_wrapper_hw_platform_0/system_wrapper.bit"
15:30:33 INFO  : Disconnected from the channel tcfchan#9.
15:30:33 INFO  : 'targets -set -filter {jtag_cable_name =~ "Xilinx PYNQ-Z1 003017A6DB98A" && level==0} -index 1' command is executed.
15:30:33 INFO  : 'fpga -state' command is executed.
15:30:33 INFO  : Connected to target on host '127.0.0.1' and port '3121'.
15:30:34 INFO  : Sourcing of 'D:/sram_test/sram_sip_5/sram_sip/sram_sip.sdk/system_wrapper_hw_platform_0/ps7_init.tcl' is done.
15:30:34 INFO  : 'targets -set -filter {name =~"APU" && jtag_cable_name =~ "Xilinx PYNQ-Z1 003017A6DB98A"} -index 0' command is executed.
15:30:44 INFO  : Hardware design information is loaded from 'D:/sram_test/sram_sip_5/sram_sip/sram_sip.sdk/system_wrapper_hw_platform_0/system.hdf'.
15:30:44 INFO  : 'targets -set -filter {name =~"APU" && jtag_cable_name =~ "Xilinx PYNQ-Z1 003017A6DB98A"} -index 0' command is executed.
15:30:44 INFO  : 'stop' command is executed.
15:30:46 INFO  : 'ps7_init' command is executed.
15:30:46 INFO  : 'ps7_post_config' command is executed.
15:30:46 INFO  : Context for processor 'ps7_cortexa9_0' is selected.
15:30:46 INFO  : Processor reset is completed for 'ps7_cortexa9_0'.
15:30:47 INFO  : Context for processor 'ps7_cortexa9_0' is selected.
15:30:47 INFO  : The application 'D:/sram_test/sram_sip_5/sram_sip/sram_sip.sdk/sram_sip/Debug/sram_sip.elf' is downloaded to processor 'ps7_cortexa9_0'.
15:30:47 INFO  : ----------------XSDB Script----------------
connect -url tcp:127.0.0.1:3121
source D:/sram_test/sram_sip_5/sram_sip/sram_sip.sdk/system_wrapper_hw_platform_0/ps7_init.tcl
targets -set -filter {name =~"APU" && jtag_cable_name =~ "Xilinx PYNQ-Z1 003017A6DB98A"} -index 0
loadhw D:/sram_test/sram_sip_5/sram_sip/sram_sip.sdk/system_wrapper_hw_platform_0/system.hdf
targets -set -filter {name =~"APU" && jtag_cable_name =~ "Xilinx PYNQ-Z1 003017A6DB98A"} -index 0
stop
ps7_init
ps7_post_config
targets -set -nocase -filter {name =~ "ARM*#0" && jtag_cable_name =~ "Xilinx PYNQ-Z1 003017A6DB98A"} -index 0
rst -processor
targets -set -nocase -filter {name =~ "ARM*#0" && jtag_cable_name =~ "Xilinx PYNQ-Z1 003017A6DB98A"} -index 0
dow D:/sram_test/sram_sip_5/sram_sip/sram_sip.sdk/sram_sip/Debug/sram_sip.elf
----------------End of Script----------------

15:30:47 INFO  : Memory regions updated for context APU
15:30:47 INFO  : Context for processor 'ps7_cortexa9_0' is selected.
15:30:47 INFO  : 'con' command is executed.
15:30:47 INFO  : ----------------XSDB Script (After Launch)----------------
targets -set -nocase -filter {name =~ "ARM*#0" && jtag_cable_name =~ "Xilinx PYNQ-Z1 003017A6DB98A"} -index 0
con
----------------End of Script----------------

15:34:43 INFO  : Connected to target on host '127.0.0.1' and port '3121'.
15:34:43 INFO  : 'targets -set -filter {jtag_cable_name =~ "Xilinx PYNQ-Z1 003017A6DB98A" && level==0} -index 1' command is executed.
15:34:46 INFO  : FPGA configured successfully with bitstream "D:/sram_test/sram_sip_5/sram_sip/sram_sip.sdk/system_wrapper_hw_platform_0/system_wrapper.bit"
15:35:14 INFO  : Disconnected from the channel tcfchan#10.
15:35:15 INFO  : 'targets -set -filter {jtag_cable_name =~ "Xilinx PYNQ-Z1 003017A6DB98A" && level==0} -index 1' command is executed.
15:35:15 INFO  : 'fpga -state' command is executed.
15:35:15 INFO  : Connected to target on host '127.0.0.1' and port '3121'.
15:35:15 INFO  : Sourcing of 'D:/sram_test/sram_sip_5/sram_sip/sram_sip.sdk/system_wrapper_hw_platform_0/ps7_init.tcl' is done.
15:35:16 INFO  : 'targets -set -filter {name =~"APU" && jtag_cable_name =~ "Xilinx PYNQ-Z1 003017A6DB98A"} -index 0' command is executed.
15:35:25 INFO  : Hardware design information is loaded from 'D:/sram_test/sram_sip_5/sram_sip/sram_sip.sdk/system_wrapper_hw_platform_0/system.hdf'.
15:35:26 INFO  : 'targets -set -filter {name =~"APU" && jtag_cable_name =~ "Xilinx PYNQ-Z1 003017A6DB98A"} -index 0' command is executed.
15:35:26 INFO  : 'stop' command is executed.
15:35:27 INFO  : 'ps7_init' command is executed.
15:35:27 INFO  : 'ps7_post_config' command is executed.
15:35:27 INFO  : Context for processor 'ps7_cortexa9_0' is selected.
15:35:27 INFO  : Processor reset is completed for 'ps7_cortexa9_0'.
15:35:27 INFO  : Context for processor 'ps7_cortexa9_0' is selected.
15:35:28 INFO  : The application 'D:/sram_test/sram_sip_5/sram_sip/sram_sip.sdk/sram_sip/Debug/sram_sip.elf' is downloaded to processor 'ps7_cortexa9_0'.
15:35:28 INFO  : ----------------XSDB Script----------------
connect -url tcp:127.0.0.1:3121
source D:/sram_test/sram_sip_5/sram_sip/sram_sip.sdk/system_wrapper_hw_platform_0/ps7_init.tcl
targets -set -filter {name =~"APU" && jtag_cable_name =~ "Xilinx PYNQ-Z1 003017A6DB98A"} -index 0
loadhw D:/sram_test/sram_sip_5/sram_sip/sram_sip.sdk/system_wrapper_hw_platform_0/system.hdf
targets -set -filter {name =~"APU" && jtag_cable_name =~ "Xilinx PYNQ-Z1 003017A6DB98A"} -index 0
stop
ps7_init
ps7_post_config
targets -set -nocase -filter {name =~ "ARM*#0" && jtag_cable_name =~ "Xilinx PYNQ-Z1 003017A6DB98A"} -index 0
rst -processor
targets -set -nocase -filter {name =~ "ARM*#0" && jtag_cable_name =~ "Xilinx PYNQ-Z1 003017A6DB98A"} -index 0
dow D:/sram_test/sram_sip_5/sram_sip/sram_sip.sdk/sram_sip/Debug/sram_sip.elf
----------------End of Script----------------

15:35:28 INFO  : Memory regions updated for context APU
15:35:28 INFO  : Context for processor 'ps7_cortexa9_0' is selected.
15:35:28 INFO  : 'con' command is executed.
15:35:28 INFO  : ----------------XSDB Script (After Launch)----------------
targets -set -nocase -filter {name =~ "ARM*#0" && jtag_cable_name =~ "Xilinx PYNQ-Z1 003017A6DB98A"} -index 0
con
----------------End of Script----------------

17:08:20 INFO  : Connected to target on host '127.0.0.1' and port '3121'.
17:08:21 INFO  : 'targets -set -filter {jtag_cable_name =~ "Xilinx PYNQ-Z1 003017A6DB98A" && level==0} -index 1' command is executed.
17:08:23 INFO  : FPGA configured successfully with bitstream "D:/sram_test/sram_sip_5/sram_sip/sram_sip.sdk/system_wrapper_hw_platform_0/system_wrapper.bit"
17:09:06 INFO  : Disconnected from the channel tcfchan#11.
17:09:07 INFO  : 'targets -set -filter {jtag_cable_name =~ "Xilinx PYNQ-Z1 003017A6DB98A" && level==0} -index 1' command is executed.
17:09:07 INFO  : 'fpga -state' command is executed.
17:09:07 INFO  : Connected to target on host '127.0.0.1' and port '3121'.
17:09:07 INFO  : Sourcing of 'D:/sram_test/sram_sip_5/sram_sip/sram_sip.sdk/system_wrapper_hw_platform_0/ps7_init.tcl' is done.
17:09:08 INFO  : 'targets -set -filter {name =~"APU" && jtag_cable_name =~ "Xilinx PYNQ-Z1 003017A6DB98A"} -index 0' command is executed.
17:09:18 INFO  : Hardware design information is loaded from 'D:/sram_test/sram_sip_5/sram_sip/sram_sip.sdk/system_wrapper_hw_platform_0/system.hdf'.
17:09:18 INFO  : 'targets -set -filter {name =~"APU" && jtag_cable_name =~ "Xilinx PYNQ-Z1 003017A6DB98A"} -index 0' command is executed.
17:09:18 INFO  : 'stop' command is executed.
17:09:19 INFO  : 'ps7_init' command is executed.
17:09:19 INFO  : 'ps7_post_config' command is executed.
17:09:20 INFO  : Context for processor 'ps7_cortexa9_0' is selected.
17:09:20 INFO  : Processor reset is completed for 'ps7_cortexa9_0'.
17:09:20 INFO  : Context for processor 'ps7_cortexa9_0' is selected.
17:09:21 INFO  : The application 'D:/sram_test/sram_sip_5/sram_sip/sram_sip.sdk/sram_sip/Debug/sram_sip.elf' is downloaded to processor 'ps7_cortexa9_0'.
17:09:21 INFO  : ----------------XSDB Script----------------
connect -url tcp:127.0.0.1:3121
source D:/sram_test/sram_sip_5/sram_sip/sram_sip.sdk/system_wrapper_hw_platform_0/ps7_init.tcl
targets -set -filter {name =~"APU" && jtag_cable_name =~ "Xilinx PYNQ-Z1 003017A6DB98A"} -index 0
loadhw D:/sram_test/sram_sip_5/sram_sip/sram_sip.sdk/system_wrapper_hw_platform_0/system.hdf
targets -set -filter {name =~"APU" && jtag_cable_name =~ "Xilinx PYNQ-Z1 003017A6DB98A"} -index 0
stop
ps7_init
ps7_post_config
targets -set -nocase -filter {name =~ "ARM*#0" && jtag_cable_name =~ "Xilinx PYNQ-Z1 003017A6DB98A"} -index 0
rst -processor
targets -set -nocase -filter {name =~ "ARM*#0" && jtag_cable_name =~ "Xilinx PYNQ-Z1 003017A6DB98A"} -index 0
dow D:/sram_test/sram_sip_5/sram_sip/sram_sip.sdk/sram_sip/Debug/sram_sip.elf
----------------End of Script----------------

17:09:21 INFO  : Memory regions updated for context APU
17:09:21 INFO  : Context for processor 'ps7_cortexa9_0' is selected.
17:09:21 INFO  : 'con' command is executed.
17:09:21 INFO  : ----------------XSDB Script (After Launch)----------------
targets -set -nocase -filter {name =~ "ARM*#0" && jtag_cable_name =~ "Xilinx PYNQ-Z1 003017A6DB98A"} -index 0
con
----------------End of Script----------------

17:15:04 INFO  : Disconnected from the channel tcfchan#12.
17:15:05 INFO  : 'targets -set -filter {jtag_cable_name =~ "Xilinx PYNQ-Z1 003017A6DB98A" && level==0} -index 1' command is executed.
17:15:05 INFO  : 'fpga -state' command is executed.
17:15:05 INFO  : Connected to target on host '127.0.0.1' and port '3121'.
17:15:05 INFO  : Sourcing of 'D:/sram_test/sram_sip_5/sram_sip/sram_sip.sdk/system_wrapper_hw_platform_0/ps7_init.tcl' is done.
17:15:06 INFO  : 'targets -set -filter {name =~"APU" && jtag_cable_name =~ "Xilinx PYNQ-Z1 003017A6DB98A"} -index 0' command is executed.
17:15:15 INFO  : Hardware design information is loaded from 'D:/sram_test/sram_sip_5/sram_sip/sram_sip.sdk/system_wrapper_hw_platform_0/system.hdf'.
17:15:15 INFO  : 'targets -set -filter {name =~"APU" && jtag_cable_name =~ "Xilinx PYNQ-Z1 003017A6DB98A"} -index 0' command is executed.
17:15:15 INFO  : 'stop' command is executed.
17:15:16 INFO  : 'ps7_init' command is executed.
17:15:16 INFO  : 'ps7_post_config' command is executed.
17:15:17 INFO  : Context for processor 'ps7_cortexa9_0' is selected.
17:15:17 INFO  : Processor reset is completed for 'ps7_cortexa9_0'.
17:15:17 INFO  : Context for processor 'ps7_cortexa9_0' is selected.
17:15:18 INFO  : The application 'D:/sram_test/sram_sip_5/sram_sip/sram_sip.sdk/sram_sip/Debug/sram_sip.elf' is downloaded to processor 'ps7_cortexa9_0'.
17:15:18 INFO  : ----------------XSDB Script----------------
connect -url tcp:127.0.0.1:3121
source D:/sram_test/sram_sip_5/sram_sip/sram_sip.sdk/system_wrapper_hw_platform_0/ps7_init.tcl
targets -set -filter {name =~"APU" && jtag_cable_name =~ "Xilinx PYNQ-Z1 003017A6DB98A"} -index 0
loadhw D:/sram_test/sram_sip_5/sram_sip/sram_sip.sdk/system_wrapper_hw_platform_0/system.hdf
targets -set -filter {name =~"APU" && jtag_cable_name =~ "Xilinx PYNQ-Z1 003017A6DB98A"} -index 0
stop
ps7_init
ps7_post_config
targets -set -nocase -filter {name =~ "ARM*#0" && jtag_cable_name =~ "Xilinx PYNQ-Z1 003017A6DB98A"} -index 0
rst -processor
targets -set -nocase -filter {name =~ "ARM*#0" && jtag_cable_name =~ "Xilinx PYNQ-Z1 003017A6DB98A"} -index 0
dow D:/sram_test/sram_sip_5/sram_sip/sram_sip.sdk/sram_sip/Debug/sram_sip.elf
----------------End of Script----------------

17:15:18 INFO  : Memory regions updated for context APU
17:15:18 INFO  : Context for processor 'ps7_cortexa9_0' is selected.
17:15:18 INFO  : 'con' command is executed.
17:15:18 INFO  : ----------------XSDB Script (After Launch)----------------
targets -set -nocase -filter {name =~ "ARM*#0" && jtag_cable_name =~ "Xilinx PYNQ-Z1 003017A6DB98A"} -index 0
con
----------------End of Script----------------

17:19:11 INFO  : Disconnected from the channel tcfchan#13.
17:19:11 INFO  : 'targets -set -filter {jtag_cable_name =~ "Xilinx PYNQ-Z1 003017A6DB98A" && level==0} -index 1' command is executed.
17:19:12 INFO  : 'fpga -state' command is executed.
17:19:12 INFO  : Connected to target on host '127.0.0.1' and port '3121'.
17:19:12 INFO  : Sourcing of 'D:/sram_test/sram_sip_5/sram_sip/sram_sip.sdk/system_wrapper_hw_platform_0/ps7_init.tcl' is done.
17:19:12 INFO  : 'targets -set -filter {name =~"APU" && jtag_cable_name =~ "Xilinx PYNQ-Z1 003017A6DB98A"} -index 0' command is executed.
17:19:21 INFO  : Hardware design information is loaded from 'D:/sram_test/sram_sip_5/sram_sip/sram_sip.sdk/system_wrapper_hw_platform_0/system.hdf'.
17:19:21 INFO  : 'targets -set -filter {name =~"APU" && jtag_cable_name =~ "Xilinx PYNQ-Z1 003017A6DB98A"} -index 0' command is executed.
17:19:22 INFO  : 'stop' command is executed.
17:19:23 INFO  : 'ps7_init' command is executed.
17:19:23 INFO  : 'ps7_post_config' command is executed.
17:19:24 INFO  : Context for processor 'ps7_cortexa9_0' is selected.
17:19:24 INFO  : Processor reset is completed for 'ps7_cortexa9_0'.
17:19:24 INFO  : Context for processor 'ps7_cortexa9_0' is selected.
17:19:25 INFO  : The application 'D:/sram_test/sram_sip_5/sram_sip/sram_sip.sdk/sram_sip/Debug/sram_sip.elf' is downloaded to processor 'ps7_cortexa9_0'.
17:19:25 INFO  : ----------------XSDB Script----------------
connect -url tcp:127.0.0.1:3121
source D:/sram_test/sram_sip_5/sram_sip/sram_sip.sdk/system_wrapper_hw_platform_0/ps7_init.tcl
targets -set -filter {name =~"APU" && jtag_cable_name =~ "Xilinx PYNQ-Z1 003017A6DB98A"} -index 0
loadhw D:/sram_test/sram_sip_5/sram_sip/sram_sip.sdk/system_wrapper_hw_platform_0/system.hdf
targets -set -filter {name =~"APU" && jtag_cable_name =~ "Xilinx PYNQ-Z1 003017A6DB98A"} -index 0
stop
ps7_init
ps7_post_config
targets -set -nocase -filter {name =~ "ARM*#0" && jtag_cable_name =~ "Xilinx PYNQ-Z1 003017A6DB98A"} -index 0
rst -processor
targets -set -nocase -filter {name =~ "ARM*#0" && jtag_cable_name =~ "Xilinx PYNQ-Z1 003017A6DB98A"} -index 0
dow D:/sram_test/sram_sip_5/sram_sip/sram_sip.sdk/sram_sip/Debug/sram_sip.elf
----------------End of Script----------------

17:19:25 INFO  : Memory regions updated for context APU
17:19:25 INFO  : Context for processor 'ps7_cortexa9_0' is selected.
17:19:25 INFO  : 'con' command is executed.
17:19:25 INFO  : ----------------XSDB Script (After Launch)----------------
targets -set -nocase -filter {name =~ "ARM*#0" && jtag_cable_name =~ "Xilinx PYNQ-Z1 003017A6DB98A"} -index 0
con
----------------End of Script----------------

18:23:52 INFO  : Connected to target on host '127.0.0.1' and port '3121'.
18:23:55 INFO  : 'targets -set -filter {jtag_cable_name =~ "Xilinx PYNQ-Z1 003017A6DB98A" && level==0} -index 1' command is executed.
18:23:58 INFO  : FPGA configured successfully with bitstream "D:/sram_test/sram_sip_5/sram_sip/sram_sip.sdk/system_wrapper_hw_platform_0/system_wrapper.bit"
18:24:09 INFO  : Disconnected from the channel tcfchan#14.
18:24:10 INFO  : 'targets -set -filter {jtag_cable_name =~ "Xilinx PYNQ-Z1 003017A6DB98A" && level==0} -index 1' command is executed.
18:24:10 INFO  : 'fpga -state' command is executed.
18:24:10 INFO  : Connected to target on host '127.0.0.1' and port '3121'.
18:24:10 INFO  : Sourcing of 'D:/sram_test/sram_sip_5/sram_sip/sram_sip.sdk/system_wrapper_hw_platform_0/ps7_init.tcl' is done.
18:24:11 INFO  : 'targets -set -filter {name =~"APU" && jtag_cable_name =~ "Xilinx PYNQ-Z1 003017A6DB98A"} -index 0' command is executed.
18:24:19 INFO  : Hardware design information is loaded from 'D:/sram_test/sram_sip_5/sram_sip/sram_sip.sdk/system_wrapper_hw_platform_0/system.hdf'.
18:24:20 INFO  : 'targets -set -filter {name =~"APU" && jtag_cable_name =~ "Xilinx PYNQ-Z1 003017A6DB98A"} -index 0' command is executed.
18:24:20 INFO  : 'stop' command is executed.
18:24:21 INFO  : 'ps7_init' command is executed.
18:24:21 INFO  : 'ps7_post_config' command is executed.
18:24:21 INFO  : Context for processor 'ps7_cortexa9_0' is selected.
18:24:21 INFO  : Processor reset is completed for 'ps7_cortexa9_0'.
18:24:22 INFO  : Context for processor 'ps7_cortexa9_0' is selected.
18:24:22 INFO  : The application 'D:/sram_test/sram_sip_5/sram_sip/sram_sip.sdk/sram_sip/Debug/sram_sip.elf' is downloaded to processor 'ps7_cortexa9_0'.
18:24:22 INFO  : ----------------XSDB Script----------------
connect -url tcp:127.0.0.1:3121
source D:/sram_test/sram_sip_5/sram_sip/sram_sip.sdk/system_wrapper_hw_platform_0/ps7_init.tcl
targets -set -filter {name =~"APU" && jtag_cable_name =~ "Xilinx PYNQ-Z1 003017A6DB98A"} -index 0
loadhw D:/sram_test/sram_sip_5/sram_sip/sram_sip.sdk/system_wrapper_hw_platform_0/system.hdf
targets -set -filter {name =~"APU" && jtag_cable_name =~ "Xilinx PYNQ-Z1 003017A6DB98A"} -index 0
stop
ps7_init
ps7_post_config
targets -set -nocase -filter {name =~ "ARM*#0" && jtag_cable_name =~ "Xilinx PYNQ-Z1 003017A6DB98A"} -index 0
rst -processor
targets -set -nocase -filter {name =~ "ARM*#0" && jtag_cable_name =~ "Xilinx PYNQ-Z1 003017A6DB98A"} -index 0
dow D:/sram_test/sram_sip_5/sram_sip/sram_sip.sdk/sram_sip/Debug/sram_sip.elf
----------------End of Script----------------

18:24:22 INFO  : Memory regions updated for context APU
18:24:23 INFO  : Context for processor 'ps7_cortexa9_0' is selected.
18:24:23 INFO  : 'con' command is executed.
18:24:23 INFO  : ----------------XSDB Script (After Launch)----------------
targets -set -nocase -filter {name =~ "ARM*#0" && jtag_cable_name =~ "Xilinx PYNQ-Z1 003017A6DB98A"} -index 0
con
----------------End of Script----------------

18:26:25 INFO  : Launching XSDB server: xsdb.bat -interactive D:\sram_test\sram_sip_5\sram_sip\sram_sip.sdk\temp_xsdb_launch_script.tcl
18:26:27 INFO  : XSDB server has started successfully.
18:26:28 WARN  : channel "tcfchan#15" closed
