#-----------------------------------------------------------
# Webtalk v2016.1 (64-bit)
# SW Build 1538259 on Fri Apr  8 15:45:27 MDT 2016
# 
# Start of session at: Wed Jan 16 21:44:16 2019
# Process ID: 4440
# Current directory: D:/sram_test/sram_gpio_1/sram_gpio/sram_gpio.sdk/webtalk
# Command line: wbtcv.exe -mode batch -source sdk_webtalk.tcl
# Log file: D:/sram_test/sram_gpio_1/sram_gpio/sram_gpio.sdk/webtalk/webtalk.log
# Journal file: D:/sram_test/sram_gpio_1/sram_gpio/sram_gpio.sdk/webtalk\webtalk.jou
#-----------------------------------------------------------
source sdk_webtalk.tcl
# webtalk_init -webtalk_dir D:\\sram_test\\sram_gpio_1\\sram_gpio\\sram_gpio.sdk\\webtalk
# webtalk_register_client -client project
# webtalk_add_data -client project -key date_generated -value "星期三 一月 16 21:44:13 2019" -context "software_version_and_target_device"
# webtalk_add_data -client project -key product_version -value "SDK v2016.1" -context "software_version_and_target_device"
# webtalk_add_data -client project -key build_version -value "2016.1" -context "software_version_and_target_device"
# webtalk_add_data -client project -key os_platform -value "amd64" -context "software_version_and_target_device"
# webtalk_add_data -client project -key registration_id -value "" -context "software_version_and_target_device"
# webtalk_add_data -client project -key tool_flow -value "SDK" -context "software_version_and_target_device"
# webtalk_add_data -client project -key beta -value "false" -context "software_version_and_target_device"
# webtalk_add_data -client project -key route_design -value "NA" -context "software_version_and_target_device"
# webtalk_add_data -client project -key target_family -value "NA" -context "software_version_and_target_device"
# webtalk_add_data -client project -key target_device -value "NA" -context "software_version_and_target_device"
# webtalk_add_data -client project -key target_package -value "NA" -context "software_version_and_target_device"
# webtalk_add_data -client project -key target_speed -value "NA" -context "software_version_and_target_device"
# webtalk_add_data -client project -key random_id -value "1c6qlob395phgekd00ekrra7re" -context "software_version_and_target_device"
# webtalk_add_data -client project -key project_id -value "2016.1_32" -context "software_version_and_target_device"
# webtalk_add_data -client project -key project_iteration -value "32" -context "software_version_and_target_device"
# webtalk_add_data -client project -key os_name -value "" -context "user_environment"
# webtalk_add_data -client project -key os_release -value "" -context "user_environment"
# webtalk_add_data -client project -key cpu_name -value "" -context "user_environment"
# webtalk_add_data -client project -key cpu_speed -value "" -context "user_environment"
# webtalk_add_data -client project -key total_processors -value "" -context "user_environment"
# webtalk_add_data -client project -key system_ram -value "" -context "user_environment"
# webtalk_register_client -client sdk
# webtalk_add_data -client sdk -key uid -value "1547644890932" -context "sdk\\\\hardware/1547644890932"
# webtalk_add_data -client sdk -key isZynq -value "true" -context "sdk\\\\hardware/1547644890932"
# webtalk_add_data -client sdk -key Processors -value "2" -context "sdk\\\\hardware/1547644890932"
# webtalk_add_data -client sdk -key VivadoVersion -value "2016.1" -context "sdk\\\\hardware/1547644890932"
# webtalk_add_data -client sdk -key Arch -value "zynq" -context "sdk\\\\hardware/1547644890932"
# webtalk_add_data -client sdk -key Device -value "7z020" -context "sdk\\\\hardware/1547644890932"
# webtalk_add_data -client sdk -key IsHandoff -value "true" -context "sdk\\\\hardware/1547644890932"
# webtalk_add_data -client sdk -key uid -value "1547645211334" -context "sdk\\\\bsp/1547645211334"
# webtalk_add_data -client sdk -key hwid -value "1547644890932" -context "sdk\\\\bsp/1547645211334"
# webtalk_add_data -client sdk -key os -value "standalone" -context "sdk\\\\bsp/1547645211334"
# webtalk_add_data -client sdk -key apptemplate -value "hello_world" -context "sdk\\\\bsp/1547645211334"
# webtalk_add_data -client sdk -key uid -value "1547645247469" -context "sdk\\\\application/1547645247469"
# webtalk_add_data -client sdk -key hwid -value "1547644890932" -context "sdk\\\\application/1547645247469"
# webtalk_add_data -client sdk -key bspid -value "1547645211334" -context "sdk\\\\application/1547645247469"
# webtalk_add_data -client sdk -key newbsp -value "true" -context "sdk\\\\application/1547645247469"
# webtalk_add_data -client sdk -key os -value "standalone" -context "sdk\\\\application/1547645247469"
# webtalk_add_data -client sdk -key apptemplate -value "hello_world" -context "sdk\\\\application/1547645247469"
# webtalk_transmit -clientid 4209049591 -regid "" -xml D:\\sram_test\\sram_gpio_1\\sram_gpio\\sram_gpio.sdk\\webtalk\\usage_statistics_ext_sdk.xml -html D:\\sram_test\\sram_gpio_1\\sram_gpio\\sram_gpio.sdk\\webtalk\\usage_statistics_ext_sdk.html -wdm D:\\sram_test\\sram_gpio_1\\sram_gpio\\sram_gpio.sdk\\webtalk\\sdk_webtalk.wdm -intro "<H3>SDK Usage Report</H3><BR>"
# webtalk_terminate
INFO: [Common 17-206] Exiting Webtalk at Wed Jan 16 21:44:28 2019...
