Copyright 1986-2016 Xilinx, Inc. All Rights Reserved.
-------------------------------------------------------------------------------------------
| Tool Version : Vivado v.2016.1 (win64) Build 1538259 Fri Apr  8 15:45:27 MDT 2016
| Date         : Wed Jan 16 20:11:03 2019
| Host         : YuanJiacai running 64-bit major release  (build 9200)
| Command      : report_control_sets -verbose -file system_wrapper_control_sets_placed.rpt
| Design       : system_wrapper
| Device       : xc7z020
-------------------------------------------------------------------------------------------

Control Set Information

Table of Contents
-----------------
1. Summary
2. Flip-Flop Distribution
3. Detailed Control Set Information

1. Summary
----------

+----------------------------------------------------------+-------+
|                          Status                          | Count |
+----------------------------------------------------------+-------+
| Number of unique control sets                            |    42 |
| Unused register locations in slices containing registers |    82 |
+----------------------------------------------------------+-------+


2. Flip-Flop Distribution
-------------------------

+--------------+-----------------------+------------------------+-----------------+--------------+
| Clock Enable | Synchronous Set/Reset | Asynchronous Set/Reset | Total Registers | Total Slices |
+--------------+-----------------------+------------------------+-----------------+--------------+
| No           | No                    | No                     |             103 |           30 |
| No           | No                    | Yes                    |               0 |            0 |
| No           | Yes                   | No                     |             243 |           57 |
| Yes          | No                    | No                     |             270 |           58 |
| Yes          | No                    | Yes                    |               0 |            0 |
| Yes          | Yes                   | No                     |             150 |           29 |
+--------------+-----------------------+------------------------+-----------------+--------------+


3. Detailed Control Set Information
-----------------------------------

+-----------------------------------------------+--------------------------------------------------------------------------------------------------------------------------------------------------------------+---------------------------------------------------------------------------------------------------------------------------------------------------------+------------------+----------------+
|                  Clock Signal                 |                                                                         Enable Signal                                                                        |                                                                     Set/Reset Signal                                                                    | Slice Load Count | Bel Load Count |
+-----------------------------------------------+--------------------------------------------------------------------------------------------------------------------------------------------------------------+---------------------------------------------------------------------------------------------------------------------------------------------------------+------------------+----------------+
|  system_i/processing_system7_0/inst/FCLK_CLK0 | system_i/processing_system7_0_axi_periph/s00_couplers/auto_pc/inst/gen_axilite.gen_b2s_conv.axilite_b2s/WR.b_channel_0/bid_fifo_0/bresp_push                 |                                                                                                                                                         |                1 |              2 |
|  system_i/processing_system7_0/inst/FCLK_CLK0 |                                                                                                                                                              | system_i/processing_system7_0_axi_periph/s00_couplers/auto_pc/inst/gen_axilite.gen_b2s_conv.axilite_b2s/SI_REG/ar_pipe/m_valid_i_reg_0                  |                2 |              4 |
|  system_i/processing_system7_0/inst/FCLK_CLK0 |                                                                                                                                                              | system_i/processing_system7_0_axi_periph/s00_couplers/auto_pc/inst/gen_axilite.gen_b2s_conv.axilite_b2s/SI_REG/aw_pipe/s_ready_i_reg_0                  |                3 |              4 |
|  system_i/processing_system7_0/inst/FCLK_CLK0 |                                                                                                                                                              | system_i/rst_processing_system7_0_100M/U0/EXT_LPF/lpf_int                                                                                               |                1 |              4 |
|  system_i/processing_system7_0/inst/FCLK_CLK0 | system_i/processing_system7_0_axi_periph/s00_couplers/auto_pc/inst/gen_axilite.gen_b2s_conv.axilite_b2s/WR.aw_channel_0/aw_cmd_fsm_0/axaddr_incr_reg[11]     |                                                                                                                                                         |                1 |              4 |
|  system_i/processing_system7_0/inst/FCLK_CLK0 | system_i/processing_system7_0_axi_periph/s00_couplers/auto_pc/inst/gen_axilite.gen_b2s_conv.axilite_b2s/WR.aw_channel_0/aw_cmd_fsm_0/E[0]                    |                                                                                                                                                         |                2 |              4 |
|  system_i/processing_system7_0/inst/FCLK_CLK0 | system_i/processing_system7_0_axi_periph/s00_couplers/auto_pc/inst/gen_axilite.gen_b2s_conv.axilite_b2s/WR.aw_channel_0/aw_cmd_fsm_0/axlen_cnt_reg[3][0]     | system_i/processing_system7_0_axi_periph/s00_couplers/auto_pc/inst/gen_axilite.gen_b2s_conv.axilite_b2s/WR.aw_channel_0/aw_cmd_fsm_0/axlen_cnt_reg[7]_1 |                2 |              4 |
|  system_i/processing_system7_0/inst/FCLK_CLK0 | system_i/processing_system7_0_axi_periph/s00_couplers/auto_pc/inst/gen_axilite.gen_b2s_conv.axilite_b2s/RD.ar_channel_0/ar_cmd_fsm_0/axaddr_incr_reg[11]     |                                                                                                                                                         |                1 |              4 |
|  system_i/processing_system7_0/inst/FCLK_CLK0 | system_i/processing_system7_0_axi_periph/s00_couplers/auto_pc/inst/gen_axilite.gen_b2s_conv.axilite_b2s/RD.ar_channel_0/ar_cmd_fsm_0/E[0]                    |                                                                                                                                                         |                2 |              4 |
|  system_i/processing_system7_0/inst/FCLK_CLK0 | system_i/processing_system7_0_axi_periph/s00_couplers/auto_pc/inst/gen_axilite.gen_b2s_conv.axilite_b2s/RD.ar_channel_0/ar_cmd_fsm_0/axlen_cnt_reg[3][0]     | system_i/processing_system7_0_axi_periph/s00_couplers/auto_pc/inst/gen_axilite.gen_b2s_conv.axilite_b2s/RD.ar_channel_0/ar_cmd_fsm_0/axlen_cnt_reg[7]   |                1 |              4 |
|  system_i/processing_system7_0/inst/FCLK_CLK0 | system_i/rst_processing_system7_0_100M/U0/SEQ/seq_cnt_en                                                                                                     | system_i/rst_processing_system7_0_100M/U0/SEQ/SEQ_COUNTER/clear                                                                                         |                2 |              6 |
|  system_i/processing_system7_0/inst/FCLK_CLK0 | system_i/sram_ctrl_0/inst/sram_ctrl_v1_0_S00_AXI_inst/slv_reg2[23]_i_1_n_0                                                                                   | system_i/sram_ctrl_0/inst/sram_ctrl_v1_0_S00_AXI_inst/u_led/SR[0]                                                                                       |                1 |              8 |
|  system_i/processing_system7_0/inst/FCLK_CLK0 | system_i/sram_ctrl_0/inst/sram_ctrl_v1_0_S00_AXI_inst/slv_reg2[7]_i_1_n_0                                                                                    | system_i/sram_ctrl_0/inst/sram_ctrl_v1_0_S00_AXI_inst/u_led/SR[0]                                                                                       |                1 |              8 |
|  system_i/processing_system7_0/inst/FCLK_CLK0 | system_i/sram_ctrl_0/inst/sram_ctrl_v1_0_S00_AXI_inst/slv_reg2[15]_i_1_n_0                                                                                   | system_i/sram_ctrl_0/inst/sram_ctrl_v1_0_S00_AXI_inst/u_led/SR[0]                                                                                       |                1 |              8 |
|  system_i/processing_system7_0/inst/FCLK_CLK0 | system_i/sram_ctrl_0/inst/sram_ctrl_v1_0_S00_AXI_inst/slv_reg1[7]_i_1_n_0                                                                                    | system_i/sram_ctrl_0/inst/sram_ctrl_v1_0_S00_AXI_inst/u_led/SR[0]                                                                                       |                1 |              8 |
|  system_i/processing_system7_0/inst/FCLK_CLK0 | system_i/sram_ctrl_0/inst/sram_ctrl_v1_0_S00_AXI_inst/slv_reg1[31]_i_1_n_0                                                                                   | system_i/sram_ctrl_0/inst/sram_ctrl_v1_0_S00_AXI_inst/u_led/SR[0]                                                                                       |                1 |              8 |
|  system_i/processing_system7_0/inst/FCLK_CLK0 | system_i/sram_ctrl_0/inst/sram_ctrl_v1_0_S00_AXI_inst/slv_reg1[23]_i_1_n_0                                                                                   | system_i/sram_ctrl_0/inst/sram_ctrl_v1_0_S00_AXI_inst/u_led/SR[0]                                                                                       |                1 |              8 |
|  system_i/processing_system7_0/inst/FCLK_CLK0 | system_i/sram_ctrl_0/inst/sram_ctrl_v1_0_S00_AXI_inst/slv_reg1[15]_i_1_n_0                                                                                   | system_i/sram_ctrl_0/inst/sram_ctrl_v1_0_S00_AXI_inst/u_led/SR[0]                                                                                       |                1 |              8 |
|  system_i/processing_system7_0/inst/FCLK_CLK0 | system_i/processing_system7_0_axi_periph/s00_couplers/auto_pc/inst/gen_axilite.gen_b2s_conv.axilite_b2s/WR.b_channel_0/mhandshake_r                          | system_i/processing_system7_0_axi_periph/s00_couplers/auto_pc/inst/gen_axilite.gen_b2s_conv.axilite_b2s/WR.b_channel_0/bid_fifo_0/SR[0]                 |                3 |              8 |
|  system_i/processing_system7_0/inst/FCLK_CLK0 | system_i/sram_ctrl_0/inst/sram_ctrl_v1_0_S00_AXI_inst/slv_reg2[31]_i_1_n_0                                                                                   | system_i/sram_ctrl_0/inst/sram_ctrl_v1_0_S00_AXI_inst/u_led/SR[0]                                                                                       |                1 |              8 |
|  system_i/processing_system7_0/inst/FCLK_CLK0 | system_i/sram_ctrl_0/inst/sram_ctrl_v1_0_S00_AXI_inst/slv_reg3[15]_i_1_n_0                                                                                   | system_i/sram_ctrl_0/inst/sram_ctrl_v1_0_S00_AXI_inst/u_led/SR[0]                                                                                       |                1 |              8 |
|  system_i/processing_system7_0/inst/FCLK_CLK0 | system_i/sram_ctrl_0/inst/sram_ctrl_v1_0_S00_AXI_inst/slv_reg3[23]_i_1_n_0                                                                                   | system_i/sram_ctrl_0/inst/sram_ctrl_v1_0_S00_AXI_inst/u_led/SR[0]                                                                                       |                1 |              8 |
|  system_i/processing_system7_0/inst/FCLK_CLK0 | system_i/sram_ctrl_0/inst/sram_ctrl_v1_0_S00_AXI_inst/slv_reg3[31]_i_1_n_0                                                                                   | system_i/sram_ctrl_0/inst/sram_ctrl_v1_0_S00_AXI_inst/u_led/SR[0]                                                                                       |                1 |              8 |
|  system_i/processing_system7_0/inst/FCLK_CLK0 | system_i/sram_ctrl_0/inst/sram_ctrl_v1_0_S00_AXI_inst/slv_reg3[7]_i_1_n_0                                                                                    | system_i/sram_ctrl_0/inst/sram_ctrl_v1_0_S00_AXI_inst/u_led/SR[0]                                                                                       |                1 |              8 |
|  system_i/processing_system7_0/inst/FCLK_CLK0 | system_i/processing_system7_0_axi_periph/s00_couplers/auto_pc/inst/gen_axilite.gen_b2s_conv.axilite_b2s/WR.aw_channel_0/aw_cmd_fsm_0/axlen_cnt_reg[3][0]     |                                                                                                                                                         |                4 |             12 |
|  system_i/processing_system7_0/inst/FCLK_CLK0 | system_i/processing_system7_0_axi_periph/s00_couplers/auto_pc/inst/gen_axilite.gen_b2s_conv.axilite_b2s/RD.ar_channel_0/ar_cmd_fsm_0/axlen_cnt_reg[3][0]     |                                                                                                                                                         |                4 |             12 |
|  system_i/processing_system7_0/inst/FCLK_CLK0 | system_i/processing_system7_0_axi_periph/s00_couplers/auto_pc/inst/gen_axilite.gen_b2s_conv.axilite_b2s/RD.r_channel_0/r_push_r                              |                                                                                                                                                         |                4 |             13 |
|  system_i/processing_system7_0/inst/FCLK_CLK0 | system_i/processing_system7_0_axi_periph/s00_couplers/auto_pc/inst/gen_axilite.gen_b2s_conv.axilite_b2s/SI_REG/b_pipe/p_1_in                                 |                                                                                                                                                         |                2 |             14 |
|  system_i/processing_system7_0/inst/FCLK_CLK0 | system_i/processing_system7_0_axi_periph/s00_couplers/auto_pc/inst/gen_axilite.gen_b2s_conv.axilite_b2s/SI_REG/b_pipe/skid_buffer_reg[0]_0                   |                                                                                                                                                         |                4 |             14 |
|  system_i/processing_system7_0/inst/FCLK_CLK0 | system_i/processing_system7_0_axi_periph/s00_couplers/auto_pc/inst/gen_axilite.gen_b2s_conv.axilite_b2s/WR.aw_channel_0/aw_cmd_fsm_0/axlen_cnt_reg[7]_2      |                                                                                                                                                         |                5 |             20 |
|  system_i/processing_system7_0/inst/FCLK_CLK0 | system_i/processing_system7_0_axi_periph/s00_couplers/auto_pc/inst/gen_axilite.gen_b2s_conv.axilite_b2s/RD.ar_channel_0/ar_cmd_fsm_0/m_payload_i_reg[0]_1[0] |                                                                                                                                                         |                6 |             27 |
|  system_i/processing_system7_0/inst/FCLK_CLK0 | system_i/processing_system7_0_axi_periph/s00_couplers/auto_pc/inst/gen_axilite.gen_b2s_conv.axilite_b2s/WR.aw_channel_0/aw_cmd_fsm_0/m_payload_i_reg[0][0]   |                                                                                                                                                         |                5 |             27 |
|  system_i/processing_system7_0/inst/FCLK_CLK0 | system_i/processing_system7_0_axi_periph/s00_couplers/auto_pc/inst/gen_axilite.gen_b2s_conv.axilite_b2s/SI_REG/ar_pipe/skid_buffer_reg[0]_0                  |                                                                                                                                                         |                6 |             27 |
|  system_i/processing_system7_0/inst/FCLK_CLK0 | system_i/processing_system7_0_axi_periph/s00_couplers/auto_pc/inst/gen_axilite.gen_b2s_conv.axilite_b2s/SI_REG/aw_pipe/skid_buffer_reg[0]_0                  |                                                                                                                                                         |                4 |             27 |
|  system_i/processing_system7_0/inst/FCLK_CLK0 |                                                                                                                                                              | system_i/sram_ctrl_0/inst/sram_ctrl_v1_0_S00_AXI_inst/u_led/cnt[0]_i_1_n_0                                                                              |                8 |             32 |
|  system_i/processing_system7_0/inst/FCLK_CLK0 | system_i/sram_ctrl_0/inst/sram_ctrl_v1_0_S00_AXI_inst/slv_reg_rden__0                                                                                        | system_i/sram_ctrl_0/inst/sram_ctrl_v1_0_S00_AXI_inst/u_led/SR[0]                                                                                       |                9 |             32 |
|  system_i/processing_system7_0/inst/FCLK_CLK0 | system_i/processing_system7_0_axi_periph/s00_couplers/auto_pc/inst/gen_axilite.gen_b2s_conv.axilite_b2s/RD.r_channel_0/rd_data_fifo_0/wr_en0                 |                                                                                                                                                         |                9 |             34 |
|  system_i/processing_system7_0/inst/FCLK_CLK0 | system_i/processing_system7_0_axi_periph/s00_couplers/auto_pc/inst/gen_axilite.gen_b2s_conv.axilite_b2s/SI_REG/r_pipe/skid_buffer_reg[0]_0                   |                                                                                                                                                         |                9 |             47 |
|  system_i/processing_system7_0/inst/FCLK_CLK0 | system_i/processing_system7_0_axi_periph/s00_couplers/auto_pc/inst/gen_axilite.gen_b2s_conv.axilite_b2s/SI_REG/r_pipe/p_1_in                                 |                                                                                                                                                         |                8 |             47 |
|  system_i/processing_system7_0/inst/FCLK_CLK0 |                                                                                                                                                              | system_i/processing_system7_0_axi_periph/s00_couplers/auto_pc/inst/gen_axilite.gen_b2s_conv.axilite_b2s/areset_d1                                       |               14 |             59 |
|  system_i/processing_system7_0/inst/FCLK_CLK0 |                                                                                                                                                              |                                                                                                                                                         |               31 |            104 |
|  system_i/processing_system7_0/inst/FCLK_CLK0 |                                                                                                                                                              | system_i/sram_ctrl_0/inst/sram_ctrl_v1_0_S00_AXI_inst/u_led/SR[0]                                                                                       |               29 |            140 |
+-----------------------------------------------+--------------------------------------------------------------------------------------------------------------------------------------------------------------+---------------------------------------------------------------------------------------------------------------------------------------------------------+------------------+----------------+


