Copyright 1986-2016 Xilinx, Inc. All Rights Reserved.
-------------------------------------------------------------------------------------------
| Tool Version : Vivado v.2016.1 (win64) Build 1538259 Fri Apr  8 15:45:27 MDT 2016
| Date         : Thu Jan 31 11:48:15 2019
| Host         : YuanJiacai running 64-bit major release  (build 9200)
| Command      : report_control_sets -verbose -file system_wrapper_control_sets_placed.rpt
| Design       : system_wrapper
| Device       : xc7z020
-------------------------------------------------------------------------------------------

Control Set Information

Table of Contents
-----------------
1. Summary
2. Flip-Flop Distribution
3. Detailed Control Set Information

1. Summary
----------

+----------------------------------------------------------+-------+
|                          Status                          | Count |
+----------------------------------------------------------+-------+
| Number of unique control sets                            |    56 |
| Unused register locations in slices containing registers |    83 |
+----------------------------------------------------------+-------+


2. Flip-Flop Distribution
-------------------------

+--------------+-----------------------+------------------------+-----------------+--------------+
| Clock Enable | Synchronous Set/Reset | Asynchronous Set/Reset | Total Registers | Total Slices |
+--------------+-----------------------+------------------------+-----------------+--------------+
| No           | No                    | No                     |             106 |           36 |
| No           | No                    | Yes                    |               0 |            0 |
| No           | Yes                   | No                     |             138 |           41 |
| Yes          | No                    | No                     |             434 |          117 |
| Yes          | No                    | Yes                    |               0 |            0 |
| Yes          | Yes                   | No                     |             215 |           56 |
+--------------+-----------------------+------------------------+-----------------+--------------+


3. Detailed Control Set Information
-----------------------------------

+-----------------------------------------------+--------------------------------------------------------------------------------------------------------------------------------------------------------------+---------------------------------------------------------------------------------------------------------------------------------------------------------+------------------+----------------+
|                  Clock Signal                 |                                                                         Enable Signal                                                                        |                                                                     Set/Reset Signal                                                                    | Slice Load Count | Bel Load Count |
+-----------------------------------------------+--------------------------------------------------------------------------------------------------------------------------------------------------------------+---------------------------------------------------------------------------------------------------------------------------------------------------------+------------------+----------------+
|  system_i/processing_system7_0/inst/FCLK_CLK0 | system_i/sram_control_0/inst/sram_control_v1_0_S00_AXI_inst/u_sram_ctrl/s_oen_i_2_n_0                                                                        | system_i/sram_control_0/inst/s_oen_i_1_n_0                                                                                                              |                1 |              1 |
|  system_i/processing_system7_0/inst/FCLK_CLK0 | system_i/processing_system7_0_axi_periph/s00_couplers/auto_pc/inst/gen_axilite.gen_b2s_conv.axilite_b2s/WR.b_channel_0/bid_fifo_0/bresp_push                 |                                                                                                                                                         |                1 |              2 |
|  system_i/processing_system7_0/inst/FCLK_CLK0 |                                                                                                                                                              | system_i/processing_system7_0_axi_periph/s00_couplers/auto_pc/inst/gen_axilite.gen_b2s_conv.axilite_b2s/SI_REG/ar_pipe/m_valid_i_reg_0                  |                2 |              4 |
|  system_i/processing_system7_0/inst/FCLK_CLK0 |                                                                                                                                                              | system_i/processing_system7_0_axi_periph/s00_couplers/auto_pc/inst/gen_axilite.gen_b2s_conv.axilite_b2s/SI_REG/aw_pipe/s_ready_i_reg_0                  |                2 |              4 |
|  system_i/processing_system7_0/inst/FCLK_CLK0 | system_i/processing_system7_0_axi_periph/s00_couplers/auto_pc/inst/gen_axilite.gen_b2s_conv.axilite_b2s/WR.aw_channel_0/aw_cmd_fsm_0/axlen_cnt_reg[3][0]     | system_i/processing_system7_0_axi_periph/s00_couplers/auto_pc/inst/gen_axilite.gen_b2s_conv.axilite_b2s/WR.aw_channel_0/aw_cmd_fsm_0/axlen_cnt_reg[7]_1 |                1 |              4 |
|  system_i/processing_system7_0/inst/FCLK_CLK0 |                                                                                                                                                              | system_i/rst_processing_system7_0_100M/U0/EXT_LPF/lpf_int                                                                                               |                3 |              4 |
|  system_i/processing_system7_0/inst/FCLK_CLK0 | system_i/processing_system7_0_axi_periph/s00_couplers/auto_pc/inst/gen_axilite.gen_b2s_conv.axilite_b2s/RD.ar_channel_0/ar_cmd_fsm_0/axlen_cnt_reg[3][0]     | system_i/processing_system7_0_axi_periph/s00_couplers/auto_pc/inst/gen_axilite.gen_b2s_conv.axilite_b2s/RD.ar_channel_0/ar_cmd_fsm_0/axlen_cnt_reg[7]   |                1 |              4 |
|  system_i/processing_system7_0/inst/FCLK_CLK0 | system_i/rst_processing_system7_0_100M/U0/SEQ/seq_cnt_en                                                                                                     | system_i/rst_processing_system7_0_100M/U0/SEQ/SEQ_COUNTER/clear                                                                                         |                1 |              6 |
|  system_i/processing_system7_0/inst/FCLK_CLK0 | system_i/sram_control_0/inst/sram_control_v1_0_S00_AXI_inst/u_sram_ctrl/s_ddata[7]_i_1_n_0                                                                   |                                                                                                                                                         |                1 |              8 |
|  system_i/processing_system7_0/inst/FCLK_CLK0 | system_i/sram_control_0/inst/sram_control_v1_0_S00_AXI_inst/slv_reg2[31]_i_1_n_0                                                                             | system_i/sram_control_0/inst/led_2_i_1_n_0                                                                                                              |                2 |              8 |
|  system_i/processing_system7_0/inst/FCLK_CLK0 | system_i/sram_control_0/inst/sram_control_v1_0_S00_AXI_inst/slv_reg2[7]_i_1_n_0                                                                              | system_i/sram_control_0/inst/led_2_i_1_n_0                                                                                                              |                1 |              8 |
|  system_i/processing_system7_0/inst/FCLK_CLK0 | system_i/processing_system7_0_axi_periph/s00_couplers/auto_pc/inst/gen_axilite.gen_b2s_conv.axilite_b2s/WR.aw_channel_0/aw_cmd_fsm_0/axaddr_incr_reg[11]     |                                                                                                                                                         |                2 |              8 |
|  system_i/processing_system7_0/inst/FCLK_CLK0 | system_i/sram_control_0/inst/sram_control_v1_0_S00_AXI_inst/slv_reg1[15]_i_1_n_0                                                                             | system_i/sram_control_0/inst/led_2_i_1_n_0                                                                                                              |                2 |              8 |
|  system_i/processing_system7_0/inst/FCLK_CLK0 | system_i/processing_system7_0_axi_periph/s00_couplers/auto_pc/inst/gen_axilite.gen_b2s_conv.axilite_b2s/RD.ar_channel_0/ar_cmd_fsm_0/axaddr_incr_reg[11]     |                                                                                                                                                         |                2 |              8 |
|  system_i/processing_system7_0/inst/FCLK_CLK0 | system_i/processing_system7_0_axi_periph/s00_couplers/auto_pc/inst/gen_axilite.gen_b2s_conv.axilite_b2s/RD.ar_channel_0/ar_cmd_fsm_0/E[0]                    |                                                                                                                                                         |                3 |              8 |
|  system_i/processing_system7_0/inst/FCLK_CLK0 | system_i/sram_control_0/inst/sram_control_v1_0_S00_AXI_inst/slv_reg3[15]_i_1_n_0                                                                             | system_i/sram_control_0/inst/led_2_i_1_n_0                                                                                                              |                2 |              8 |
|  system_i/processing_system7_0/inst/FCLK_CLK0 | system_i/sram_control_0/inst/sram_control_v1_0_S00_AXI_inst/slv_reg3[23]_i_1_n_0                                                                             | system_i/sram_control_0/inst/led_2_i_1_n_0                                                                                                              |                2 |              8 |
|  system_i/processing_system7_0/inst/FCLK_CLK0 | system_i/sram_control_0/inst/sram_control_v1_0_S00_AXI_inst/slv_reg3[31]_i_1_n_0                                                                             | system_i/sram_control_0/inst/led_2_i_1_n_0                                                                                                              |                1 |              8 |
|  system_i/processing_system7_0/inst/FCLK_CLK0 | system_i/sram_control_0/inst/sram_control_v1_0_S00_AXI_inst/slv_reg3[7]_i_1_n_0                                                                              | system_i/sram_control_0/inst/led_2_i_1_n_0                                                                                                              |                1 |              8 |
|  system_i/processing_system7_0/inst/FCLK_CLK0 | system_i/processing_system7_0_axi_periph/s00_couplers/auto_pc/inst/gen_axilite.gen_b2s_conv.axilite_b2s/WR.aw_channel_0/aw_cmd_fsm_0/E[0]                    |                                                                                                                                                         |                4 |              8 |
|  system_i/processing_system7_0/inst/FCLK_CLK0 | system_i/sram_control_0/inst/sram_control_v1_0_S00_AXI_inst/slv_reg4[15]_i_1_n_0                                                                             | system_i/sram_control_0/inst/led_2_i_1_n_0                                                                                                              |                2 |              8 |
|  system_i/processing_system7_0/inst/FCLK_CLK0 | system_i/sram_control_0/inst/sram_control_v1_0_S00_AXI_inst/slv_reg4[31]_i_1_n_0                                                                             | system_i/sram_control_0/inst/led_2_i_1_n_0                                                                                                              |                2 |              8 |
|  system_i/processing_system7_0/inst/FCLK_CLK0 | system_i/processing_system7_0_axi_periph/s00_couplers/auto_pc/inst/gen_axilite.gen_b2s_conv.axilite_b2s/WR.b_channel_0/mhandshake_r                          | system_i/processing_system7_0_axi_periph/s00_couplers/auto_pc/inst/gen_axilite.gen_b2s_conv.axilite_b2s/WR.b_channel_0/bid_fifo_0/SR[0]                 |                2 |              8 |
|  system_i/processing_system7_0/inst/FCLK_CLK0 | system_i/sram_control_0/inst/sram_control_v1_0_S00_AXI_inst/slv_reg4[7]_i_1_n_0                                                                              | system_i/sram_control_0/inst/led_2_i_1_n_0                                                                                                              |                3 |              8 |
|  system_i/processing_system7_0/inst/FCLK_CLK0 | system_i/sram_control_0/inst/sram_control_v1_0_S00_AXI_inst/p_1_in[7]                                                                                        | system_i/sram_control_0/inst/led_2_i_1_n_0                                                                                                              |                1 |              8 |
|  system_i/processing_system7_0/inst/FCLK_CLK0 | system_i/sram_control_0/inst/sram_control_v1_0_S00_AXI_inst/p_1_in[15]                                                                                       | system_i/sram_control_0/inst/led_2_i_1_n_0                                                                                                              |                2 |              8 |
|  system_i/processing_system7_0/inst/FCLK_CLK0 | system_i/sram_control_0/inst/sram_control_v1_0_S00_AXI_inst/p_1_in[23]                                                                                       | system_i/sram_control_0/inst/led_2_i_1_n_0                                                                                                              |                2 |              8 |
|  system_i/processing_system7_0/inst/FCLK_CLK0 | system_i/sram_control_0/inst/sram_control_v1_0_S00_AXI_inst/p_1_in[31]                                                                                       | system_i/sram_control_0/inst/led_2_i_1_n_0                                                                                                              |                1 |              8 |
|  system_i/processing_system7_0/inst/FCLK_CLK0 | system_i/sram_control_0/inst/sram_control_v1_0_S00_AXI_inst/slv_reg4[23]_i_1_n_0                                                                             | system_i/sram_control_0/inst/led_2_i_1_n_0                                                                                                              |                2 |              8 |
|  system_i/processing_system7_0/inst/FCLK_CLK0 | system_i/sram_control_0/inst/sram_control_v1_0_S00_AXI_inst/slv_reg1[23]_i_1_n_0                                                                             | system_i/sram_control_0/inst/led_2_i_1_n_0                                                                                                              |                2 |              8 |
|  system_i/processing_system7_0/inst/FCLK_CLK0 | system_i/sram_control_0/inst/sram_control_v1_0_S00_AXI_inst/slv_reg1[31]_i_1_n_0                                                                             | system_i/sram_control_0/inst/led_2_i_1_n_0                                                                                                              |                1 |              8 |
|  system_i/processing_system7_0/inst/FCLK_CLK0 | system_i/sram_control_0/inst/sram_control_v1_0_S00_AXI_inst/slv_reg1[7]_i_1_n_0                                                                              | system_i/sram_control_0/inst/led_2_i_1_n_0                                                                                                              |                1 |              8 |
|  system_i/processing_system7_0/inst/FCLK_CLK0 | system_i/sram_control_0/inst/sram_control_v1_0_S00_AXI_inst/slv_reg2[15]_i_1_n_0                                                                             | system_i/sram_control_0/inst/led_2_i_1_n_0                                                                                                              |                2 |              8 |
|  system_i/processing_system7_0/inst/FCLK_CLK0 | system_i/sram_control_0/inst/sram_control_v1_0_S00_AXI_inst/slv_reg2[23]_i_1_n_0                                                                             | system_i/sram_control_0/inst/led_2_i_1_n_0                                                                                                              |                2 |              8 |
|  system_i/processing_system7_0/inst/FCLK_CLK0 | system_i/sram_control_0/inst/sram_control_v1_0_S00_AXI_inst/u_sram_ctrl/s_addr[9]_i_1_n_0                                                                    |                                                                                                                                                         |                3 |             10 |
|  system_i/processing_system7_0/inst/FCLK_CLK0 | system_i/sram_control_0/inst/sram_control_v1_0_S00_AXI_inst/u_sram_ctrl/inner_reg_reg_i_2_n_0                                                                |                                                                                                                                                         |                2 |             10 |
|  system_i/processing_system7_0/inst/FCLK_CLK0 | system_i/processing_system7_0_axi_periph/s00_couplers/auto_pc/inst/gen_axilite.gen_b2s_conv.axilite_b2s/RD.r_channel_0/r_push_r                              |                                                                                                                                                         |                4 |             13 |
|  system_i/processing_system7_0/inst/FCLK_CLK0 | system_i/processing_system7_0_axi_periph/s00_couplers/auto_pc/inst/gen_axilite.gen_b2s_conv.axilite_b2s/SI_REG/b_pipe/p_1_in                                 |                                                                                                                                                         |                2 |             14 |
|  system_i/processing_system7_0/inst/FCLK_CLK0 | system_i/processing_system7_0_axi_periph/s00_couplers/auto_pc/inst/gen_axilite.gen_b2s_conv.axilite_b2s/SI_REG/b_pipe/skid_buffer_reg[0]_0                   |                                                                                                                                                         |                2 |             14 |
|  system_i/processing_system7_0/inst/FCLK_CLK0 | system_i/processing_system7_0_axi_periph/s00_couplers/auto_pc/inst/gen_axilite.gen_b2s_conv.axilite_b2s/RD.ar_channel_0/ar_cmd_fsm_0/axlen_cnt_reg[3][0]     |                                                                                                                                                         |                6 |             16 |
|  system_i/processing_system7_0/inst/FCLK_CLK0 | system_i/processing_system7_0_axi_periph/s00_couplers/auto_pc/inst/gen_axilite.gen_b2s_conv.axilite_b2s/WR.aw_channel_0/aw_cmd_fsm_0/axlen_cnt_reg[3][0]     |                                                                                                                                                         |                5 |             16 |
|  system_i/processing_system7_0/inst/FCLK_CLK0 | system_i/processing_system7_0_axi_periph/s00_couplers/auto_pc/inst/gen_axilite.gen_b2s_conv.axilite_b2s/WR.aw_channel_0/aw_cmd_fsm_0/axlen_cnt_reg[7]_2      |                                                                                                                                                         |                5 |             20 |
|  system_i/processing_system7_0/inst/FCLK_CLK0 | system_i/processing_system7_0_axi_periph/s00_couplers/auto_pc/inst/gen_axilite.gen_b2s_conv.axilite_b2s/RD.ar_channel_0/ar_cmd_fsm_0/m_payload_i_reg[0]_1[0] |                                                                                                                                                         |                7 |             28 |
|  system_i/processing_system7_0/inst/FCLK_CLK0 | system_i/processing_system7_0_axi_periph/s00_couplers/auto_pc/inst/gen_axilite.gen_b2s_conv.axilite_b2s/WR.aw_channel_0/aw_cmd_fsm_0/m_payload_i_reg[0][0]   |                                                                                                                                                         |                6 |             28 |
|  system_i/processing_system7_0/inst/FCLK_CLK0 | system_i/processing_system7_0_axi_periph/s00_couplers/auto_pc/inst/gen_axilite.gen_b2s_conv.axilite_b2s/SI_REG/ar_pipe/skid_buffer_reg[0]_0                  |                                                                                                                                                         |                8 |             28 |
|  system_i/processing_system7_0/inst/FCLK_CLK0 | system_i/processing_system7_0_axi_periph/s00_couplers/auto_pc/inst/gen_axilite.gen_b2s_conv.axilite_b2s/SI_REG/aw_pipe/skid_buffer_reg[0]_0                  |                                                                                                                                                         |                5 |             28 |
|  system_i/processing_system7_0/inst/FCLK_CLK0 | system_i/sram_control_0/inst/sram_control_v1_0_S00_AXI_inst/u_sram_ctrl/inner_send[31]_i_1_n_0                                                               |                                                                                                                                                         |                6 |             32 |
|  system_i/processing_system7_0/inst/FCLK_CLK0 | system_i/sram_control_0/inst/sram_control_v1_0_S00_AXI_inst/slv_reg_rden__0                                                                                  | system_i/sram_control_0/inst/led_2_i_1_n_0                                                                                                              |               16 |             32 |
|  system_i/processing_system7_0/inst/FCLK_CLK0 | system_i/sram_control_0/inst/sram_control_v1_0_S00_AXI_inst/u_sram_ctrl/inc_addr[31]_i_1_n_0                                                                 |                                                                                                                                                         |               14 |             32 |
|  system_i/processing_system7_0/inst/FCLK_CLK0 | system_i/processing_system7_0_axi_periph/s00_couplers/auto_pc/inst/gen_axilite.gen_b2s_conv.axilite_b2s/RD.r_channel_0/rd_data_fifo_0/wr_en0                 |                                                                                                                                                         |                9 |             34 |
|  system_i/processing_system7_0/inst/FCLK_CLK0 | system_i/sram_control_0/inst/sram_control_v1_0_S00_AXI_inst/u_sram_ctrl/inner_tim_cfg[31]_i_1_n_0                                                            |                                                                                                                                                         |               25 |             44 |
|  system_i/processing_system7_0/inst/FCLK_CLK0 | system_i/processing_system7_0_axi_periph/s00_couplers/auto_pc/inst/gen_axilite.gen_b2s_conv.axilite_b2s/SI_REG/r_pipe/p_1_in                                 |                                                                                                                                                         |                7 |             47 |
|  system_i/processing_system7_0/inst/FCLK_CLK0 | system_i/processing_system7_0_axi_periph/s00_couplers/auto_pc/inst/gen_axilite.gen_b2s_conv.axilite_b2s/SI_REG/r_pipe/skid_buffer_reg[0]_0                   |                                                                                                                                                         |                7 |             47 |
|  system_i/processing_system7_0/inst/FCLK_CLK0 |                                                                                                                                                              | system_i/processing_system7_0_axi_periph/s00_couplers/auto_pc/inst/gen_axilite.gen_b2s_conv.axilite_b2s/areset_d1                                       |               15 |             59 |
|  system_i/processing_system7_0/inst/FCLK_CLK0 |                                                                                                                                                              | system_i/sram_control_0/inst/led_2_i_1_n_0                                                                                                              |               19 |             67 |
|  system_i/processing_system7_0/inst/FCLK_CLK0 |                                                                                                                                                              |                                                                                                                                                         |               37 |            107 |
+-----------------------------------------------+--------------------------------------------------------------------------------------------------------------------------------------------------------------+---------------------------------------------------------------------------------------------------------------------------------------------------------+------------------+----------------+


