20:15:55 INFO  : Launching XSDB server: xsdb.bat -interactive D:\sram_test\sram_sip_2\sram_sip\sram_sip.sdk\temp_xsdb_launch_script.tcl
20:16:03 INFO  : XSDB server has started successfully.
20:16:07 INFO  : Processing command line option -hwspec D:/sram_test/sram_sip_2/sram_sip/sram_sip.sdk/system_wrapper.hdf.
20:19:21 INFO  : Connected to target on host '127.0.0.1' and port '3121'.
20:19:22 INFO  : 'targets -set -filter {jtag_cable_name =~ "Xilinx PYNQ-Z1 003017A6DB98A" && level==0} -index 1' command is executed.
20:19:24 INFO  : FPGA configured successfully with bitstream "D:/sram_test/sram_sip_2/sram_sip/sram_sip.sdk/system_wrapper_hw_platform_0/system_wrapper.bit"
20:19:44 INFO  : 'targets -set -filter {jtag_cable_name =~ "Xilinx PYNQ-Z1 003017A6DB98A" && level==0} -index 1' command is executed.
20:19:44 INFO  : 'fpga -state' command is executed.
20:19:44 INFO  : Connected to target on host '127.0.0.1' and port '3121'.
20:19:45 INFO  : Sourcing of 'D:/sram_test/sram_sip_2/sram_sip/sram_sip.sdk/system_wrapper_hw_platform_0/ps7_init.tcl' is done.
20:19:45 INFO  : 'targets -set -filter {name =~"APU" && jtag_cable_name =~ "Xilinx PYNQ-Z1 003017A6DB98A"} -index 0' command is executed.
20:19:45 INFO  : Hardware design information is loaded from 'D:/sram_test/sram_sip_2/sram_sip/sram_sip.sdk/system_wrapper_hw_platform_0/system.hdf'.
20:19:45 INFO  : 'targets -set -filter {name =~"APU" && jtag_cable_name =~ "Xilinx PYNQ-Z1 003017A6DB98A"} -index 0' command is executed.
20:19:45 INFO  : 'stop' command is executed.
20:19:47 INFO  : 'ps7_init' command is executed.
20:19:47 INFO  : 'ps7_post_config' command is executed.
20:19:47 INFO  : Context for processor 'ps7_cortexa9_0' is selected.
20:19:47 INFO  : Processor reset is completed for 'ps7_cortexa9_0'.
20:19:47 INFO  : Context for processor 'ps7_cortexa9_0' is selected.
20:19:48 INFO  : The application 'D:/sram_test/sram_sip_2/sram_sip/sram_sip.sdk/sram_sip/Debug/sram_sip.elf' is downloaded to processor 'ps7_cortexa9_0'.
20:19:48 INFO  : ----------------XSDB Script----------------
connect -url tcp:127.0.0.1:3121
source D:/sram_test/sram_sip_2/sram_sip/sram_sip.sdk/system_wrapper_hw_platform_0/ps7_init.tcl
targets -set -filter {name =~"APU" && jtag_cable_name =~ "Xilinx PYNQ-Z1 003017A6DB98A"} -index 0
loadhw D:/sram_test/sram_sip_2/sram_sip/sram_sip.sdk/system_wrapper_hw_platform_0/system.hdf
targets -set -filter {name =~"APU" && jtag_cable_name =~ "Xilinx PYNQ-Z1 003017A6DB98A"} -index 0
stop
ps7_init
ps7_post_config
targets -set -nocase -filter {name =~ "ARM*#0" && jtag_cable_name =~ "Xilinx PYNQ-Z1 003017A6DB98A"} -index 0
rst -processor
targets -set -nocase -filter {name =~ "ARM*#0" && jtag_cable_name =~ "Xilinx PYNQ-Z1 003017A6DB98A"} -index 0
dow D:/sram_test/sram_sip_2/sram_sip/sram_sip.sdk/sram_sip/Debug/sram_sip.elf
----------------End of Script----------------

20:19:48 INFO  : Memory regions updated for context APU
20:19:48 INFO  : Context for processor 'ps7_cortexa9_0' is selected.
20:19:48 INFO  : 'con' command is executed.
20:19:48 INFO  : ----------------XSDB Script (After Launch)----------------
targets -set -nocase -filter {name =~ "ARM*#0" && jtag_cable_name =~ "Xilinx PYNQ-Z1 003017A6DB98A"} -index 0
con
----------------End of Script----------------

20:21:23 INFO  : Launching XSDB server: xsdb.bat -interactive D:\sram_test\sram_sip_2\sram_sip\sram_sip.sdk\temp_xsdb_launch_script.tcl
20:21:25 INFO  : XSDB server has started successfully.
20:21:26 WARN  : channel "tcfchan#1" closed
